[1122/092043.773:ERROR:process_reader_win.cc(182)] ResumeThread: 参数错误。 (0x57)
[1122/092043.775:ERROR:process_reader_win.cc(151)] SuspendThread: 拒绝访问。 (0x5)
[1122/092043.775:ERROR:process_reader_win.cc(151)] SuspendThread: 拒绝访问。 (0x5)
[1122/092043.775:ERROR:process_reader_win.cc(151)] SuspendThread: 拒绝访问。 (0x5)
[1122/092043.775:ERROR:process_reader_win.cc(151)] SuspendThread: 拒绝访问。 (0x5)
[1122/092043.869:ERROR:process_reader_win.cc(242)] ReadMemory at 0x7fefd3493b8 of 28 bytes failed: 仅完成部分的 ReadProcessMemory 或 WriteProcessMemory 请求。 (0x12B)
[1122/092043.870:WARNING:pe_image_reader.cc(137)] could not read data directory from C:\Windows\system32\msvcrt.dll
[1122/092043.870:ERROR:process_reader_win.cc(242)] ReadMemory at 0x7fefbb20000 of 64 bytes failed: 仅完成部分的 ReadProcessMemory 或 WriteProcessMemory 请求。 (0x12B)
[1122/092043.870:WARNING:pe_image_reader.cc(281)] could not read dos header from C:\Windows\system32\VERSION.dll
[1122/092043.870:ERROR:process_reader_win.cc(242)] ReadMemory at 0x7feeb7b0000 of 64 bytes failed: 仅完成部分的 ReadProcessMemory 或 WriteProcessMemory 请求。 (0x12B)
[1122/092043.870:WARNING:pe_image_reader.cc(281)] could not read dos header from C:\Program Files (x86)\Google\Chrome\Application\62.0.3202.62\chrome_elf.dll
[1122/092043.870:ERROR:process_reader_win.cc(242)] ReadMemory at 0x7fefd760000 of 64 bytes failed: 仅完成部分的 ReadProcessMemory 或 WriteProcessMemory 请求。 (0x12B)
[1122/092043.870:WARNING:pe_image_reader.cc(281)] could not read dos header from C:\Windows\system32\RPCRT4.dll
[1122/092043.870:ERROR:process_reader_win.cc(242)] ReadMemory at 0x7fefcec0000 of 64 bytes failed: 仅完成部分的 ReadProcessMemory 或 WriteProcessMemory 请求。 (0x12B)
[1122/092043.870:WARNING:pe_image_reader.cc(281)] could not read dos header from C:\Windows\SYSTEM32\sechost.dll
[1122/092043.870:ERROR:process_reader_win.cc(242)] ReadMemory at 0x7fefd890000 of 64 bytes failed: 仅完成部分的 ReadProcessMemory 或 WriteProcessMemory 请求。 (0x12B)
[1122/092043.870:WARNING:pe_image_reader.cc(281)] could not read dos header from C:\Windows\system32\ADVAPI32.dll
[1122/092043.871:ERROR:process_reader_win.cc(242)] ReadMemory at 0x76f00000 of 64 bytes failed: 仅完成部分的 ReadProcessMemory 或 WriteProcessMemory 请求。 (0x12B)
[1122/092043.871:WARNING:pe_image_reader.cc(281)] could not read dos header from C:\Windows\system32\PSAPI.DLL
[1122/092043.871:ERROR:process_reader_win.cc(242)] ReadMemory at 0x76b10000 of 64 bytes failed: 仅完成部分的 ReadProcessMemory 或 WriteProcessMemory 请求。 (0x12B)
[1122/092043.871:WARNING:pe_image_reader.cc(281)] could not read dos header from C:\Windows\system32\USER32.dll
[1122/092043.871:ERROR:process_reader_win.cc(242)] ReadMemory at 0x7fefd200000 of 64 bytes failed: 仅完成部分的 ReadProcessMemory 或 WriteProcessMemory 请求。 (0x12B)
[1122/092043.871:WARNING:pe_image_reader.cc(281)] could not read dos header from C:\Windows\system32\USP10.dll
[1122/092043.871:ERROR:process_reader_win.cc(242)] ReadMemory at 0x7fefd070000 of 64 bytes failed: 仅完成部分的 ReadProcessMemory 或 WriteProcessMemory 请求。 (0x12B)
[1122/092043.871:WARNING:pe_image_reader.cc(281)] could not read dos header from C:\Windows\system32\LPK.dll
[1122/092043.871:ERROR:process_reader_win.cc(242)] ReadMemory at 0x7fefd3f0000 of 64 bytes failed: 仅完成部分的 ReadProcessMemory 或 WriteProcessMemory 请求。 (0x12B)
[1122/092043.871:WARNING:pe_image_reader.cc(281)] could not read dos header from C:\Windows\system32\GDI32.dll
[1122/092043.871:ERROR:process_reader_win.cc(242)] ReadMemory at 0x7fefefc0000 of 64 bytes failed: 仅完成部分的 ReadProcessMemory 或 WriteProcessMemory 请求。 (0x12B)
[1122/092043.871:WARNING:pe_image_reader.cc(281)] could not read dos header from C:\Windows\system32\SHLWAPI.dll
[1122/092043.871:ERROR:process_reader_win.cc(242)] ReadMemory at 0x7fefdb80000 of 64 bytes failed: 仅完成部分的 ReadProcessMemory 或 WriteProcessMemory 请求。 (0x12B)
[1122/092043.871:WARNING:pe_image_reader.cc(281)] could not read dos header from C:\Windows\system32\SHELL32.dll
[1122/092043.871:ERROR:process_reader_win.cc(242)] ReadMemory at 0x7feface0000 of 64 bytes failed: 仅完成部分的 ReadProcessMemory 或 WriteProcessMemory 请求。 (0x12B)
[1122/092043.871:WARNING:pe_image_reader.cc(281)] could not read dos header from C:\Windows\system32\WINMM.dll
[1122/092043.871:ERROR:process_reader_win.cc(242)] ReadMemory at 0x7fefca60000 of 64 bytes failed: 仅完成部分的 ReadProcessMemory 或 WriteProcessMemory 请求。 (0x12B)
[1122/092043.871:WARNING:pe_image_reader.cc(281)] could not read dos header from C:\Windows\system32\profapi.dll
[1122/092043.871:ERROR:process_reader_win.cc(242)] ReadMemory at 0x7fefcbe0000 of 64 bytes failed: 仅完成部分的 ReadProcessMemory 或 WriteProcessMemory 请求。 (0x12B)
[1122/092043.871:WARNING:pe_image_reader.cc(281)] could not read dos header from C:\Windows\system32\USERENV.dll
[1122/092043.871:ERROR:process_reader_win.cc(242)] ReadMemory at 0x7fef7ef0000 of 64 bytes failed: 仅完成部分的 ReadProcessMemory 或 WriteProcessMemory 请求。 (0x12B)
[1122/092043.871:WARNING:pe_image_reader.cc(281)] could not read dos header from C:\Windows\system32\webio.dll
[1122/092043.871:ERROR:process_reader_win.cc(242)] ReadMemory at 0x7fef7f60000 of 64 bytes failed: 仅完成部分的 ReadProcessMemory 或 WriteProcessMemory 请求。 (0x12B)
[1122/092043.871:WARNING:pe_image_reader.cc(281)] could not read dos header from C:\Windows\system32\WINHTTP.dll
[1122/092043.871:ERROR:process_reader_win.cc(242)] ReadMemory at 0x7fefd080000 of 64 bytes failed: 仅完成部分的 ReadProcessMemory 或 WriteProcessMemory 请求。 (0x12B)
[1122/092043.871:WARNING:pe_image_reader.cc(281)] could not read dos header from C:\Windows\system32\MSCTF.dll
[1122/092043.871:ERROR:process_reader_win.cc(242)] ReadMemory at 0x7fefd3c0000 of 64 bytes failed: 仅完成部分的 ReadProcessMemory 或 WriteProcessMemory 请求。 (0x12B)
[1122/092043.871:WARNING:pe_image_reader.cc(281)] could not read dos header from C:\Windows\system32\IMM32.DLL
[1122/092043.871:ERROR:process_reader_win.cc(242)] ReadMemory at 0x7fefd970000 of 64 bytes failed: 仅完成部分的 ReadProcessMemory 或 WriteProcessMemory 请求。 (0x12B)
[1122/092043.871:WARNING:pe_image_reader.cc(281)] could not read dos header from C:\Windows\system32\ole32.dll
[1122/092043.871:ERROR:process_reader_win.cc(242)] ReadMemory at 0x7fefe9b0000 of 64 bytes failed: 仅完成部分的 ReadProcessMemory 或 WriteProcessMemory 请求。 (0x12B)
[1122/092043.871:WARNING:pe_image_reader.cc(281)] could not read dos header from C:\Windows\system32\OLEAUT32.dll
[1122/092043.871:ERROR:process_reader_win.cc(242)] ReadMemory at 0x7fefd1f0000 of 64 bytes failed: 仅完成部分的 ReadProcessMemory 或 WriteProcessMemory 请求。 (0x12B)
[1122/092043.872:WARNING:pe_image_reader.cc(281)] could not read dos header from C:\Windows\system32\NSI.dll
[1122/092043.872:ERROR:process_reader_win.cc(242)] ReadMemory at 0x7fefd370000 of 64 bytes failed: 仅完成部分的 ReadProcessMemory 或 WriteProcessMemory 请求。 (0x12B)
[1122/092043.872:WARNING:pe_image_reader.cc(281)] could not read dos header from C:\Windows\system32\WS2_32.dll
[1122/092043.872:ERROR:process_reader_win.cc(242)] ReadMemory at 0x7fefca70000 of 64 bytes failed: 仅完成部分的 ReadProcessMemory 或 WriteProcessMemory 请求。 (0x12B)
[1122/092043.872:WARNING:pe_image_reader.cc(281)] could not read dos header from C:\Windows\system32\MSASN1.dll
[1122/092043.872:ERROR:process_reader_win.cc(242)] ReadMemory at 0x7fefccb0000 of 64 bytes failed: 仅完成部分的 ReadProcessMemory 或 WriteProcessMemory 请求。 (0x12B)
[1122/092043.872:WARNING:pe_image_reader.cc(281)] could not read dos header from C:\Windows\system32\CRYPT32.dll
[1122/092043.872:ERROR:process_reader_win.cc(242)] ReadMemory at 0x7fefcb60000 of 64 bytes failed: 仅完成部分的 ReadProcessMemory 或 WriteProcessMemory 请求。 (0x12B)
[1122/092043.872:WARNING:pe_image_reader.cc(281)] could not read dos header from C:\Windows\system32\WINTRUST.dll
[1122/092043.872:ERROR:process_reader_win.cc(242)] ReadMemory at 0x7fefb1d0000 of 64 bytes failed: 仅完成部分的 ReadProcessMemory 或 WriteProcessMemory 请求。 (0x12B)
[1122/092043.872:WARNING:pe_image_reader.cc(281)] could not read dos header from C:\Windows\WinSxS\amd64_microsoft.windows.common-controls_6595b64144ccf1df_6.0.7601.18837_none_fa3b1e3d17594757\COMCTL32.dll
[1122/092043.872:ERROR:process_reader_win.cc(242)] ReadMemory at 0x7fefce20000 of 64 bytes failed: 仅完成部分的 ReadProcessMemory 或 WriteProcessMemory 请求。 (0x12B)
[1122/092043.872:WARNING:pe_image_reader.cc(281)] could not read dos header from C:\Windows\system32\COMDLG32.dll
[1122/092043.872:ERROR:process_reader_win.cc(242)] ReadMemory at 0x7fef8070000 of 64 bytes failed: 仅完成部分的 ReadProcessMemory 或 WriteProcessMemory 请求。 (0x12B)
[1122/092043.872:WARNING:pe_image_reader.cc(281)] could not read dos header from C:\Windows\system32\dbghelp.dll
[1122/092043.872:ERROR:process_reader_win.cc(242)] ReadMemory at 0x7fef8230000 of 64 bytes failed: 仅完成部分的 ReadProcessMemory 或 WriteProcessMemory 请求。 (0x12B)
[1122/092043.872:WARNING:pe_image_reader.cc(281)] could not read dos header from C:\Windows\system32\WINSPOOL.DRV
[1122/092043.872:ERROR:process_reader_win.cc(242)] ReadMemory at 0x7fef9b30000 of 64 bytes failed: 仅完成部分的 ReadProcessMemory 或 WriteProcessMemory 请求。 (0x12B)
[1122/092043.872:WARNING:pe_image_reader.cc(281)] could not read dos header from C:\Windows\system32\WINNSI.DLL
[1122/092043.872:ERROR:process_reader_win.cc(242)] ReadMemory at 0x7fef9b40000 of 64 bytes failed: 仅完成部分的 ReadProcessMemory 或 WriteProcessMemory 请求。 (0x12B)
[1122/092043.872:WARNING:pe_image_reader.cc(281)] could not read dos header from C:\Windows\system32\IPHLPAPI.DLL
[1122/092043.872:ERROR:process_reader_win.cc(242)] ReadMemory at 0x7fefc6c0000 of 64 bytes failed: 仅完成部分的 ReadProcessMemory 或 WriteProcessMemory 请求。 (0x12B)
[1122/092043.872:WARNING:pe_image_reader.cc(281)] could not read dos header from C:\Windows\system32\Secur32.dll
[1122/092043.873:ERROR:process_reader_win.cc(242)] ReadMemory at 0x7fefc870000 of 64 bytes failed: 仅完成部分的 ReadProcessMemory 或 WriteProcessMemory 请求。 (0x12B)
[1122/092043.873:WARNING:pe_image_reader.cc(281)] could not read dos header from C:\Windows\system32\SSPICLI.DLL
[1122/092043.873:ERROR:process_reader_win.cc(242)] ReadMemory at 0x7fefca80000 of 64 bytes failed: 仅完成部分的 ReadProcessMemory 或 WriteProcessMemory 请求。 (0x12B)
[1122/092043.873:WARNING:pe_image_reader.cc(281)] could not read dos header from C:\Windows\system32\api-ms-win-downlevel-ole32-l1-1-0.dll
[1122/092043.873:ERROR:process_reader_win.cc(242)] ReadMemory at 0x7fefcbc0000 of 64 bytes failed: 仅完成部分的 ReadProcessMemory 或 WriteProcessMemory 请求。 (0x12B)
[1122/092043.873:WARNING:pe_image_reader.cc(281)] could not read dos header from C:\Windows\system32\api-ms-win-downlevel-shlwapi-l1-1-0.dll
[1122/092043.873:ERROR:process_reader_win.cc(242)] ReadMemory at 0x7fefcbd0000 of 64 bytes failed: 仅完成部分的 ReadProcessMemory 或 WriteProcessMemory 请求。 (0x12B)
[1122/092043.873:WARNING:pe_image_reader.cc(281)] could not read dos header from C:\Windows\system32\api-ms-win-downlevel-advapi32-l1-1-0.dll
[1122/092043.873:ERROR:process_reader_win.cc(242)] ReadMemory at 0x7fefcb50000 of 64 bytes failed: 仅完成部分的 ReadProcessMemory 或 WriteProcessMemory 请求。 (0x12B)
[1122/092043.873:WARNING:pe_image_reader.cc(281)] could not read dos header from C:\Windows\system32\api-ms-win-downlevel-user32-l1-1-0.dll
[1122/092043.873:ERROR:process_reader_win.cc(242)] ReadMemory at 0x7fefcb00000 of 64 bytes failed: 仅完成部分的 ReadProcessMemory 或 WriteProcessMemory 请求。 (0x12B)
[1122/092043.873:WARNING:pe_image_reader.cc(281)] could not read dos header from C:\Windows\system32\api-ms-win-downlevel-version-l1-1-0.dll
[1122/092043.873:ERROR:process_reader_win.cc(242)] ReadMemory at 0x7fefcc00000 of 64 bytes failed: 仅完成部分的 ReadProcessMemory 或 WriteProcessMemory 请求。 (0x12B)
[1122/092043.873:WARNING:pe_image_reader.cc(281)] could not read dos header from C:\Windows\system32\api-ms-win-downlevel-normaliz-l1-1-0.dll
[1122/092043.873:ERROR:process_reader_win.cc(242)] ReadMemory at 0x76ef0000 of 64 bytes failed: 仅完成部分的 ReadProcessMemory 或 WriteProcessMemory 请求。 (0x12B)
[1122/092043.873:WARNING:pe_image_reader.cc(281)] could not read dos header from C:\Windows\system32\normaliz.DLL
[1122/092043.873:ERROR:process_reader_win.cc(242)] ReadMemory at 0x7fefec70000 of 64 bytes failed: 仅完成部分的 ReadProcessMemory 或 WriteProcessMemory 请求。 (0x12B)
[1122/092043.873:WARNING:pe_image_reader.cc(281)] could not read dos header from C:\Windows\system32\iertutil.dll
[1122/092043.873:ERROR:process_reader_win.cc(242)] ReadMemory at 0x7fefd480000 of 64 bytes failed: 仅完成部分的 ReadProcessMemory 或 WriteProcessMemory 请求。 (0x12B)
[1122/092043.873:WARNING:pe_image_reader.cc(281)] could not read dos header from C:\Windows\system32\WININET.dll
[1122/092043.873:ERROR:process_reader_win.cc(242)] ReadMemory at 0x7fefcee0000 of 64 bytes failed: 仅完成部分的 ReadProcessMemory 或 WriteProcessMemory 请求。 (0x12B)
[1122/092043.873:WARNING:pe_image_reader.cc(281)] could not read dos header from C:\Windows\system32\urlmon.dll
[1122/092043.873:ERROR:process_reader_win.cc(242)] ReadMemory at 0x7feea810000 of 64 bytes failed: 仅完成部分的 ReadProcessMemory 或 WriteProcessMemory 请求。 (0x12B)
[1122/092043.873:WARNING:pe_image_reader.cc(281)] could not read dos header from C:\Windows\system32\DWrite.dll
[1122/092043.873:ERROR:process_reader_win.cc(242)] ReadMemory at 0x7fedd470000 of 64 bytes failed: 仅完成部分的 ReadProcessMemory 或 WriteProcessMemory 请求。 (0x12B)
[1122/092043.873:WARNING:pe_image_reader.cc(281)] could not read dos header from C:\Program Files (x86)\Google\Chrome\Application\62.0.3202.62\chrome_child.dll
[1122/092043.873:ERROR:process_reader_win.cc(242)] ReadMemory at 0x7fefc900000 of 64 bytes failed: 仅完成部分的 ReadProcessMemory 或 WriteProcessMemory 请求。 (0x12B)
[1122/092043.874:WARNING:pe_image_reader.cc(281)] could not read dos header from C:\Windows\system32\cryptbase.dll
[1122/092043.874:ERROR:process_reader_win.cc(242)] ReadMemory at 0x76e5d350 of 8 bytes failed: 仅完成部分的 ReadProcessMemory 或 WriteProcessMemory 请求。 (0x12B)
[1122/092043.874:ERROR:process_snapshot_win.cc(305)] failed to read target address
[1122/092043.874:ERROR:process_reader_win.cc(242)] ReadMemory at 0x13f7b0000 of 64 bytes failed: 仅完成部分的 ReadProcessMemory 或 WriteProcessMemory 请求。 (0x12B)
[1122/092043.874:WARNING:pe_image_reader.cc(281)] could not read dos header from C:\Program Files (x86)\Google\Chrome\Application\chrome.exe
[1122/092043.874:ERROR:process_reader_win.cc(242)] ReadMemory at 0x76d30000 of 64 bytes failed: 仅完成部分的 ReadProcessMemory 或 WriteProcessMemory 请求。 (0x12B)
[1122/092043.874:WARNING:pe_image_reader.cc(281)] could not read dos header from C:\Windows\SYSTEM32\ntdll.dll
[1122/092043.874:ERROR:process_reader_win.cc(242)] ReadMemory at 0x7fefca90000 of 64 bytes failed: 仅完成部分的 ReadProcessMemory 或 WriteProcessMemory 请求。 (0x12B)
[1122/092043.874:WARNING:pe_image_reader.cc(281)] could not read dos header from C:\Windows\system32\KERNELBASE.dll
[1122/092043.874:ERROR:process_reader_win.cc(242)] ReadMemory at 0x76c10000 of 64 bytes failed: 仅完成部分的 ReadProcessMemory 或 WriteProcessMemory 请求。 (0x12B)
[1122/092043.874:WARNING:pe_image_reader.cc(281)] could not read dos header from C:\Windows\system32\kernel32.dll
[1122/092043.874:ERROR:process_reader_win.cc(242)] ReadMemory at 0x7fefd2d0000 of 64 bytes failed: 仅完成部分的 ReadProcessMemory 或 WriteProcessMemory 请求。 (0x12B)
[1122/092043.874:WARNING:pe_image_reader.cc(281)] could not read dos header from C:\Windows\system32\msvcrt.dll
[1122/092043.874:ERROR:process_reader_win.cc(242)] ReadMemory at 0x7fefbb20000 of 64 bytes failed: 仅完成部分的 ReadProcessMemory 或 WriteProcessMemory 请求。 (0x12B)
[1122/092043.874:WARNING:pe_image_reader.cc(281)] could not read dos header from C:\Windows\system32\VERSION.dll
[1122/092043.874:ERROR:process_reader_win.cc(242)] ReadMemory at 0x7feeb7b0000 of 64 bytes failed: 仅完成部分的 ReadProcessMemory 或 WriteProcessMemory 请求。 (0x12B)
[1122/092043.874:WARNING:pe_image_reader.cc(281)] could not read dos header from C:\Program Files (x86)\Google\Chrome\Application\62.0.3202.62\chrome_elf.dll
[1122/092043.874:ERROR:process_reader_win.cc(242)] ReadMemory at 0x7fefd760000 of 64 bytes failed: 仅完成部分的 ReadProcessMemory 或 WriteProcessMemory 请求。 (0x12B)
[1122/092043.874:WARNING:pe_image_reader.cc(281)] could not read dos header from C:\Windows\system32\RPCRT4.dll
[1122/092043.874:ERROR:process_reader_win.cc(242)] ReadMemory at 0x7fefcec0000 of 64 bytes failed: 仅完成部分的 ReadProcessMemory 或 WriteProcessMemory 请求。 (0x12B)
[1122/092043.875:WARNING:pe_image_reader.cc(281)] could not read dos header from C:\Windows\SYSTEM32\sechost.dll
[1122/092043.875:ERROR:process_reader_win.cc(242)] ReadMemory at 0x7fefd890000 of 64 bytes failed: 仅完成部分的 ReadProcessMemory 或 WriteProcessMemory 请求。 (0x12B)
[1122/092043.875:WARNING:pe_image_reader.cc(281)] could not read dos header from C:\Windows\system32\ADVAPI32.dll
[1122/092043.875:ERROR:process_reader_win.cc(242)] ReadMemory at 0x76f00000 of 64 bytes failed: 仅完成部分的 ReadProcessMemory 或 WriteProcessMemory 请求。 (0x12B)
[1122/092043.875:WARNING:pe_image_reader.cc(281)] could not read dos header from C:\Windows\system32\PSAPI.DLL
[1122/092043.875:ERROR:process_reader_win.cc(242)] ReadMemory at 0x76b10000 of 64 bytes failed: 仅完成部分的 ReadProcessMemory 或 WriteProcessMemory 请求。 (0x12B)
[1122/092043.875:WARNING:pe_image_reader.cc(281)] could not read dos header from C:\Windows\system32\USER32.dll
[1122/092043.875:ERROR:process_reader_win.cc(242)] ReadMemory at 0x7fefd200000 of 64 bytes failed: 仅完成部分的 ReadProcessMemory 或 WriteProcessMemory 请求。 (0x12B)
[1122/092043.875:WARNING:pe_image_reader.cc(281)] could not read dos header from C:\Windows\system32\USP10.dll
[1122/092043.875:ERROR:process_reader_win.cc(242)] ReadMemory at 0x7fefd070000 of 64 bytes failed: 仅完成部分的 ReadProcessMemory 或 WriteProcessMemory 请求。 (0x12B)
[1122/092043.875:WARNING:pe_image_reader.cc(281)] could not read dos header from C:\Windows\system32\LPK.dll
[1122/092043.875:ERROR:process_reader_win.cc(242)] ReadMemory at 0x7fefd3f0000 of 64 bytes failed: 仅完成部分的 ReadProcessMemory 或 WriteProcessMemory 请求。 (0x12B)
[1122/092043.875:WARNING:pe_image_reader.cc(281)] could not read dos header from C:\Windows\system32\GDI32.dll
[1122/092043.875:ERROR:process_reader_win.cc(242)] ReadMemory at 0x7fefefc0000 of 64 bytes failed: 仅完成部分的 ReadProcessMemory 或 WriteProcessMemory 请求。 (0x12B)
[1122/092043.875:WARNING:pe_image_reader.cc(281)] could not read dos header from C:\Windows\system32\SHLWAPI.dll
[1122/092043.875:ERROR:process_reader_win.cc(242)] ReadMemory at 0x7fefdb80000 of 64 bytes failed: 仅完成部分的 ReadProcessMemory 或 WriteProcessMemory 请求。 (0x12B)
[1122/092043.875:WARNING:pe_image_reader.cc(281)] could not read dos header from C:\Windows\system32\SHELL32.dll
[1122/092043.876:ERROR:process_reader_win.cc(242)] ReadMemory at 0x7feface0000 of 64 bytes failed: 仅完成部分的 ReadProcessMemory 或 WriteProcessMemory 请求。 (0x12B)
[1122/092043.876:WARNING:pe_image_reader.cc(281)] could not read dos header from C:\Windows\system32\WINMM.dll
[1122/092043.876:ERROR:process_reader_win.cc(242)] ReadMemory at 0x7fefca60000 of 64 bytes failed: 仅完成部分的 ReadProcessMemory 或 WriteProcessMemory 请求。 (0x12B)
[1122/092043.876:WARNING:pe_image_reader.cc(281)] could not read dos header from C:\Windows\system32\profapi.dll
[1122/092043.876:ERROR:process_reader_win.cc(242)] ReadMemory at 0x7fefcbe0000 of 64 bytes failed: 仅完成部分的 ReadProcessMemory 或 WriteProcessMemory 请求。 (0x12B)
[1122/092043.876:WARNING:pe_image_reader.cc(281)] could not read dos header from C:\Windows\system32\USERENV.dll
[1122/092043.876:ERROR:process_reader_win.cc(242)] ReadMemory at 0x7fef7ef0000 of 64 bytes failed: 仅完成部分的 ReadProcessMemory 或 WriteProcessMemory 请求。 (0x12B)
[1122/092043.876:WARNING:pe_image_reader.cc(281)] could not read dos header from C:\Windows\system32\webio.dll
[1122/092043.876:ERROR:process_reader_win.cc(242)] ReadMemory at 0x7fef7f60000 of 64 bytes failed: 仅完成部分的 ReadProcessMemory 或 WriteProcessMemory 请求。 (0x12B)
[1122/092043.876:WARNING:pe_image_reader.cc(281)] could not read dos header from C:\Windows\system32\WINHTTP.dll
[1122/092043.876:ERROR:process_reader_win.cc(242)] ReadMemory at 0x7fefd080000 of 64 bytes failed: 仅完成部分的 ReadProcessMemory 或 WriteProcessMemory 请求。 (0x12B)
[1122/092043.876:WARNING:pe_image_reader.cc(281)] could not read dos header from C:\Windows\system32\MSCTF.dll
[1122/092043.876:ERROR:process_reader_win.cc(242)] ReadMemory at 0x7fefd3c0000 of 64 bytes failed: 仅完成部分的 ReadProcessMemory 或 WriteProcessMemory 请求。 (0x12B)
[1122/092043.877:WARNING:pe_image_reader.cc(281)] could not read dos header from C:\Windows\system32\IMM32.DLL
[1122/092043.877:ERROR:process_reader_win.cc(242)] ReadMemory at 0x7fefd970000 of 64 bytes failed: 仅完成部分的 ReadProcessMemory 或 WriteProcessMemory 请求。 (0x12B)
[1122/092043.877:WARNING:pe_image_reader.cc(281)] could not read dos header from C:\Windows\system32\ole32.dll
[1122/092043.877:ERROR:process_reader_win.cc(242)] ReadMemory at 0x7fefe9b0000 of 64 bytes failed: 仅完成部分的 ReadProcessMemory 或 WriteProcessMemory 请求。 (0x12B)
[1122/092043.877:WARNING:pe_image_reader.cc(281)] could not read dos header from C:\Windows\system32\OLEAUT32.dll
[1122/092043.877:ERROR:process_reader_win.cc(242)] ReadMemory at 0x7fefd1f0000 of 64 bytes failed: 仅完成部分的 ReadProcessMemory 或 WriteProcessMemory 请求。 (0x12B)
[1122/092043.877:WARNING:pe_image_reader.cc(281)] could not read dos header from C:\Windows\system32\NSI.dll
[1122/092043.877:ERROR:process_reader_win.cc(242)] ReadMemory at 0x7fefd370000 of 64 bytes failed: 仅完成部分的 ReadProcessMemory 或 WriteProcessMemory 请求。 (0x12B)
[1122/092043.877:WARNING:pe_image_reader.cc(281)] could not read dos header from C:\Windows\system32\WS2_32.dll
[1122/092043.877:ERROR:process_reader_win.cc(242)] ReadMemory at 0x7fefca70000 of 64 bytes failed: 仅完成部分的 ReadProcessMemory 或 WriteProcessMemory 请求。 (0x12B)
[1122/092043.877:WARNING:pe_image_reader.cc(281)] could not read dos header from C:\Windows\system32\MSASN1.dll
[1122/092043.878:ERROR:process_reader_win.cc(242)] ReadMemory at 0x7fefccb0000 of 64 bytes failed: 仅完成部分的 ReadProcessMemory 或 WriteProcessMemory 请求。 (0x12B)
[1122/092043.878:WARNING:pe_image_reader.cc(281)] could not read dos header from C:\Windows\system32\CRYPT32.dll
[1122/092043.878:ERROR:process_reader_win.cc(242)] ReadMemory at 0x7fefcb60000 of 64 bytes failed: 仅完成部分的 ReadProcessMemory 或 WriteProcessMemory 请求。 (0x12B)
[1122/092043.878:WARNING:pe_image_reader.cc(281)] could not read dos header from C:\Windows\system32\WINTRUST.dll
[1122/092043.878:ERROR:process_reader_win.cc(242)] ReadMemory at 0x7fefb1d0000 of 64 bytes failed: 仅完成部分的 ReadProcessMemory 或 WriteProcessMemory 请求。 (0x12B)
[1122/092043.878:WARNING:pe_image_reader.cc(281)] could not read dos header from C:\Windows\WinSxS\amd64_microsoft.windows.common-controls_6595b64144ccf1df_6.0.7601.18837_none_fa3b1e3d17594757\COMCTL32.dll
[1122/092043.878:ERROR:process_reader_win.cc(242)] ReadMemory at 0x7fefce20000 of 64 bytes failed: 仅完成部分的 ReadProcessMemory 或 WriteProcessMemory 请求。 (0x12B)
[1122/092043.878:WARNING:pe_image_reader.cc(281)] could not read dos header from C:\Windows\system32\COMDLG32.dll
[1122/092043.878:ERROR:process_reader_win.cc(242)] ReadMemory at 0x7fef8070000 of 64 bytes failed: 仅完成部分的 ReadProcessMemory 或 WriteProcessMemory 请求。 (0x12B)
[1122/092043.878:WARNING:pe_image_reader.cc(281)] could not read dos header from C:\Windows\system32\dbghelp.dll
[1122/092043.878:ERROR:process_reader_win.cc(242)] ReadMemory at 0x7fef8230000 of 64 bytes failed: 仅完成部分的 ReadProcessMemory 或 WriteProcessMemory 请求。 (0x12B)
[1122/092043.878:WARNING:pe_image_reader.cc(281)] could not read dos header from C:\Windows\system32\WINSPOOL.DRV
[1122/092043.878:ERROR:process_reader_win.cc(242)] ReadMemory at 0x7fef9b30000 of 64 bytes failed: 仅完成部分的 ReadProcessMemory 或 WriteProcessMemory 请求。 (0x12B)
[1122/092043.878:WARNING:pe_image_reader.cc(281)] could not read dos header from C:\Windows\system32\WINNSI.DLL
[1122/092043.879:ERROR:process_reader_win.cc(242)] ReadMemory at 0x7fef9b40000 of 64 bytes failed: 仅完成部分的 ReadProcessMemory 或 WriteProcessMemory 请求。 (0x12B)
[1122/092043.879:WARNING:pe_image_reader.cc(281)] could not read dos header from C:\Windows\system32\IPHLPAPI.DLL
[1122/092043.879:ERROR:process_reader_win.cc(242)] ReadMemory at 0x7fefc6c0000 of 64 bytes failed: 仅完成部分的 ReadProcessMemory 或 WriteProcessMemory 请求。 (0x12B)
[1122/092043.879:WARNING:pe_image_reader.cc(281)] could not read dos header from C:\Windows\system32\Secur32.dll
[1122/092043.879:ERROR:process_reader_win.cc(242)] ReadMemory at 0x7fefc870000 of 64 bytes failed: 仅完成部分的 ReadProcessMemory 或 WriteProcessMemory 请求。 (0x12B)
[1122/092043.879:WARNING:pe_image_reader.cc(281)] could not read dos header from C:\Windows\system32\SSPICLI.DLL
[1122/092043.879:ERROR:process_reader_win.cc(242)] ReadMemory at 0x7fefca80000 of 64 bytes failed: 仅完成部分的 ReadProcessMemory 或 WriteProcessMemory 请求。 (0x12B)
[1122/092043.879:WARNING:pe_image_reader.cc(281)] could not read dos header from C:\Windows\system32\api-ms-win-downlevel-ole32-l1-1-0.dll
[1122/092043.879:ERROR:process_reader_win.cc(242)] ReadMemory at 0x7fefcbc0000 of 64 bytes failed: 仅完成部分的 ReadProcessMemory 或 WriteProcessMemory 请求。 (0x12B)
[1122/092043.879:WARNING:pe_image_reader.cc(281)] could not read dos header from C:\Windows\system32\api-ms-win-downlevel-shlwapi-l1-1-0.dll
[1122/092043.879:ERROR:process_reader_win.cc(242)] ReadMemory at 0x7fefcbd0000 of 64 bytes failed: 仅完成部分的 ReadProcessMemory 或 WriteProcessMemory 请求。 (0x12B)
[1122/092043.879:WARNING:pe_image_reader.cc(281)] could not read dos header from C:\Windows\system32\api-ms-win-downlevel-advapi32-l1-1-0.dll
[1122/092043.879:ERROR:process_reader_win.cc(242)] ReadMemory at 0x7fefcb50000 of 64 bytes failed: 仅完成部分的 ReadProcessMemory 或 WriteProcessMemory 请求。 (0x12B)
[1122/092043.879:WARNING:pe_image_reader.cc(281)] could not read dos header from C:\Windows\system32\api-ms-win-downlevel-user32-l1-1-0.dll
[1122/092043.879:ERROR:process_reader_win.cc(242)] ReadMemory at 0x7fefcb00000 of 64 bytes failed: 仅完成部分的 ReadProcessMemory 或 WriteProcessMemory 请求。 (0x12B)
[1122/092043.880:WARNING:pe_image_reader.cc(281)] could not read dos header from C:\Windows\system32\api-ms-win-downlevel-version-l1-1-0.dll
[1122/092043.880:ERROR:process_reader_win.cc(242)] ReadMemory at 0x7fefcc00000 of 64 bytes failed: 仅完成部分的 ReadProcessMemory 或 WriteProcessMemory 请求。 (0x12B)
[1122/092043.880:WARNING:pe_image_reader.cc(281)] could not read dos header from C:\Windows\system32\api-ms-win-downlevel-normaliz-l1-1-0.dll
[1122/092043.880:ERROR:process_reader_win.cc(242)] ReadMemory at 0x76ef0000 of 64 bytes failed: 仅完成部分的 ReadProcessMemory 或 WriteProcessMemory 请求。 (0x12B)
[1122/092043.880:WARNING:pe_image_reader.cc(281)] could not read dos header from C:\Windows\system32\normaliz.DLL
[1122/092043.880:ERROR:process_reader_win.cc(242)] ReadMemory at 0x7fefec70000 of 64 bytes failed: 仅完成部分的 ReadProcessMemory 或 WriteProcessMemory 请求。 (0x12B)
[1122/092043.880:WARNING:pe_image_reader.cc(281)] could not read dos header from C:\Windows\system32\iertutil.dll
[1122/092043.880:ERROR:process_reader_win.cc(242)] ReadMemory at 0x7fefd480000 of 64 bytes failed: 仅完成部分的 ReadProcessMemory 或 WriteProcessMemory 请求。 (0x12B)
[1122/092043.880:WARNING:pe_image_reader.cc(281)] could not read dos header from C:\Windows\system32\WININET.dll
[1122/092043.880:ERROR:process_reader_win.cc(242)] ReadMemory at 0x7fefcee0000 of 64 bytes failed: 仅完成部分的 ReadProcessMemory 或 WriteProcessMemory 请求。 (0x12B)
[1122/092043.880:WARNING:pe_image_reader.cc(281)] could not read dos header from C:\Windows\system32\urlmon.dll
[1122/092043.880:ERROR:process_reader_win.cc(242)] ReadMemory at 0x7feea810000 of 64 bytes failed: 仅完成部分的 ReadProcessMemory 或 WriteProcessMemory 请求。 (0x12B)
[1122/092043.880:WARNING:pe_image_reader.cc(281)] could not read dos header from C:\Windows\system32\DWrite.dll
[1122/092043.880:ERROR:process_reader_win.cc(242)] ReadMemory at 0x7fedd470000 of 64 bytes failed: 仅完成部分的 ReadProcessMemory 或 WriteProcessMemory 请求。 (0x12B)
[1122/092043.880:WARNING:pe_image_reader.cc(281)] could not read dos header from C:\Program Files (x86)\Google\Chrome\Application\62.0.3202.62\chrome_child.dll
[1122/092043.880:ERROR:process_reader_win.cc(242)] ReadMemory at 0x7fefc900000 of 64 bytes failed: 仅完成部分的 ReadProcessMemory 或 WriteProcessMemory 请求。 (0x12B)
[1122/092043.880:WARNING:pe_image_reader.cc(281)] could not read dos header from C:\Windows\system32\cryptbase.dll
[1122/092043.881:ERROR:process_reader_win.cc(242)] ReadMemory at 0x13f7b0000 of 64 bytes failed: 仅完成部分的 ReadProcessMemory 或 WriteProcessMemory 请求。 (0x12B)
[1122/092043.881:WARNING:pe_image_reader.cc(281)] could not read dos header from C:\Program Files (x86)\Google\Chrome\Application\chrome.exe
[1122/092043.881:ERROR:process_reader_win.cc(242)] ReadMemory at 0x76d30000 of 64 bytes failed: 仅完成部分的 ReadProcessMemory 或 WriteProcessMemory 请求。 (0x12B)
[1122/092043.881:WARNING:pe_image_reader.cc(281)] could not read dos header from C:\Windows\SYSTEM32\ntdll.dll
[1122/092043.881:ERROR:process_reader_win.cc(242)] ReadMemory at 0x7fefca90000 of 64 bytes failed: 仅完成部分的 ReadProcessMemory 或 WriteProcessMemory 请求。 (0x12B)
[1122/092043.881:WARNING:pe_image_reader.cc(281)] could not read dos header from C:\Windows\system32\KERNELBASE.dll
[1122/092043.882:ERROR:process_reader_win.cc(242)] ReadMemory at 0x76c10000 of 64 bytes failed: 仅完成部分的 ReadProcessMemory 或 WriteProcessMemory 请求。 (0x12B)
[1122/092043.882:WARNING:pe_image_reader.cc(281)] could not read dos header from C:\Windows\system32\kernel32.dll
[1122/092043.882:ERROR:process_reader_win.cc(242)] ReadMemory at 0x7fefd2d0000 of 64 bytes failed: 仅完成部分的 ReadProcessMemory 或 WriteProcessMemory 请求。 (0x12B)
[1122/092043.888:WARNING:pe_image_reader.cc(281)] could not read dos header from C:\Windows\system32\msvcrt.dll
[1122/092043.888:ERROR:process_reader_win.cc(242)] ReadMemory at 0x7fefbb20000 of 64 bytes failed: 仅完成部分的 ReadProcessMemory 或 WriteProcessMemory 请求。 (0x12B)
[1122/092043.888:WARNING:pe_image_reader.cc(281)] could not read dos header from C:\Windows\system32\VERSION.dll
[1122/092043.888:ERROR:process_reader_win.cc(242)] ReadMemory at 0x7feeb7b0000 of 64 bytes failed: 仅完成部分的 ReadProcessMemory 或 WriteProcessMemory 请求。 (0x12B)
[1122/092043.888:WARNING:pe_image_reader.cc(281)] could not read dos header from C:\Program Files (x86)\Google\Chrome\Application\62.0.3202.62\chrome_elf.dll
[1122/092043.888:ERROR:process_reader_win.cc(242)] ReadMemory at 0x7fefd760000 of 64 bytes failed: 仅完成部分的 ReadProcessMemory 或 WriteProcessMemory 请求。 (0x12B)
[1122/092043.888:WARNING:pe_image_reader.cc(281)] could not read dos header from C:\Windows\system32\RPCRT4.dll
[1122/092043.888:ERROR:process_reader_win.cc(242)] ReadMemory at 0x7fefcec0000 of 64 bytes failed: 仅完成部分的 ReadProcessMemory 或 WriteProcessMemory 请求。 (0x12B)
[1122/092043.888:WARNING:pe_image_reader.cc(281)] could not read dos header from C:\Windows\SYSTEM32\sechost.dll
[1122/092043.888:ERROR:process_reader_win.cc(242)] ReadMemory at 0x7fefd890000 of 64 bytes failed: 仅完成部分的 ReadProcessMemory 或 WriteProcessMemory 请求。 (0x12B)
[1122/092043.888:WARNING:pe_image_reader.cc(281)] could not read dos header from C:\Windows\system32\ADVAPI32.dll
[1122/092043.888:ERROR:process_reader_win.cc(242)] ReadMemory at 0x76f00000 of 64 bytes failed: 仅完成部分的 ReadProcessMemory 或 WriteProcessMemory 请求。 (0x12B)
[1122/092043.888:WARNING:pe_image_reader.cc(281)] could not read dos header from C:\Windows\system32\PSAPI.DLL
[1122/092043.888:ERROR:process_reader_win.cc(242)] ReadMemory at 0x76b10000 of 64 bytes failed: 仅完成部分的 ReadProcessMemory 或 WriteProcessMemory 请求。 (0x12B)
[1122/092043.888:WARNING:pe_image_reader.cc(281)] could not read dos header from C:\Windows\system32\USER32.dll
[1122/092043.888:ERROR:process_reader_win.cc(242)] ReadMemory at 0x7fefd200000 of 64 bytes failed: 仅完成部分的 ReadProcessMemory 或 WriteProcessMemory 请求。 (0x12B)
[1122/092043.888:WARNING:pe_image_reader.cc(281)] could not read dos header from C:\Windows\system32\USP10.dll
[1122/092043.888:ERROR:process_reader_win.cc(242)] ReadMemory at 0x7fefd070000 of 64 bytes failed: 仅完成部分的 ReadProcessMemory 或 WriteProcessMemory 请求。 (0x12B)
[1122/092043.889:WARNING:pe_image_reader.cc(281)] could not read dos header from C:\Windows\system32\LPK.dll
[1122/092043.889:ERROR:process_reader_win.cc(242)] ReadMemory at 0x7fefd3f0000 of 64 bytes failed: 仅完成部分的 ReadProcessMemory 或 WriteProcessMemory 请求。 (0x12B)
[1122/092043.889:WARNING:pe_image_reader.cc(281)] could not read dos header from C:\Windows\system32\GDI32.dll
[1122/092043.889:ERROR:process_reader_win.cc(242)] ReadMemory at 0x7fefefc0000 of 64 bytes failed: 仅完成部分的 ReadProcessMemory 或 WriteProcessMemory 请求。 (0x12B)
[1122/092043.889:WARNING:pe_image_reader.cc(281)] could not read dos header from C:\Windows\system32\SHLWAPI.dll
[1122/092043.889:ERROR:process_reader_win.cc(242)] ReadMemory at 0x7fefdb80000 of 64 bytes failed: 仅完成部分的 ReadProcessMemory 或 WriteProcessMemory 请求。 (0x12B)
[1122/092043.889:WARNING:pe_image_reader.cc(281)] could not read dos header from C:\Windows\system32\SHELL32.dll
[1122/092043.889:ERROR:process_reader_win.cc(242)] ReadMemory at 0x7feface0000 of 64 bytes failed: 仅完成部分的 ReadProcessMemory 或 WriteProcessMemory 请求。 (0x12B)
[1122/092043.889:WARNING:pe_image_reader.cc(281)] could not read dos header from C:\Windows\system32\WINMM.dll
[1122/092043.889:ERROR:process_reader_win.cc(242)] ReadMemory at 0x7fefca60000 of 64 bytes failed: 仅完成部分的 ReadProcessMemory 或 WriteProcessMemory 请求。 (0x12B)
[1122/092043.889:WARNING:pe_image_reader.cc(281)] could not read dos header from C:\Windows\system32\profapi.dll
[1122/092043.889:ERROR:process_reader_win.cc(242)] ReadMemory at 0x7fefcbe0000 of 64 bytes failed: 仅完成部分的 ReadProcessMemory 或 WriteProcessMemory 请求。 (0x12B)
[1122/092043.889:WARNING:pe_image_reader.cc(281)] could not read dos header from C:\Windows\system32\USERENV.dll
[1122/092043.889:ERROR:process_reader_win.cc(242)] ReadMemory at 0x7fef7ef0000 of 64 bytes failed: 仅完成部分的 ReadProcessMemory 或 WriteProcessMemory 请求。 (0x12B)
[1122/092043.889:WARNING:pe_image_reader.cc(281)] could not read dos header from C:\Windows\system32\webio.dll
[1122/092043.889:ERROR:process_reader_win.cc(242)] ReadMemory at 0x7fef7f60000 of 64 bytes failed: 仅完成部分的 ReadProcessMemory 或 WriteProcessMemory 请求。 (0x12B)
[1122/092043.889:WARNING:pe_image_reader.cc(281)] could not read dos header from C:\Windows\system32\WINHTTP.dll
[1122/092043.889:ERROR:process_reader_win.cc(242)] ReadMemory at 0x7fefd080000 of 64 bytes failed: 仅完成部分的 ReadProcessMemory 或 WriteProcessMemory 请求。 (0x12B)
[1122/092043.889:WARNING:pe_image_reader.cc(281)] could not read dos header from C:\Windows\system32\MSCTF.dll
[1122/092043.889:ERROR:process_reader_win.cc(242)] ReadMemory at 0x7fefd3c0000 of 64 bytes failed: 仅完成部分的 ReadProcessMemory 或 WriteProcessMemory 请求。 (0x12B)
[1122/092043.889:WARNING:pe_image_reader.cc(281)] could not read dos header from C:\Windows\system32\IMM32.DLL
[1122/092043.889:ERROR:process_reader_win.cc(242)] ReadMemory at 0x7fefd970000 of 64 bytes failed: 仅完成部分的 ReadProcessMemory 或 WriteProcessMemory 请求。 (0x12B)
[1122/092043.889:WARNING:pe_image_reader.cc(281)] could not read dos header from C:\Windows\system32\ole32.dll
[1122/092043.889:ERROR:process_reader_win.cc(242)] ReadMemory at 0x7fefe9b0000 of 64 bytes failed: 仅完成部分的 ReadProcessMemory 或 WriteProcessMemory 请求。 (0x12B)
[1122/092043.889:WARNING:pe_image_reader.cc(281)] could not read dos header from C:\Windows\system32\OLEAUT32.dll
[1122/092043.889:ERROR:process_reader_win.cc(242)] ReadMemory at 0x7fefd1f0000 of 64 bytes failed: 仅完成部分的 ReadProcessMemory 或 WriteProcessMemory 请求。 (0x12B)
[1122/092043.890:WARNING:pe_image_reader.cc(281)] could not read dos header from C:\Windows\system32\NSI.dll
[1122/092043.890:ERROR:process_reader_win.cc(242)] ReadMemory at 0x7fefd370000 of 64 bytes failed: 仅完成部分的 ReadProcessMemory 或 WriteProcessMemory 请求。 (0x12B)
[1122/092043.890:WARNING:pe_image_reader.cc(281)] could not read dos header from C:\Windows\system32\WS2_32.dll
[1122/092043.890:ERROR:process_reader_win.cc(242)] ReadMemory at 0x7fefca70000 of 64 bytes failed: 仅完成部分的 ReadProcessMemory 或 WriteProcessMemory 请求。 (0x12B)
[1122/092043.890:WARNING:pe_image_reader.cc(281)] could not read dos header from C:\Windows\system32\MSASN1.dll
[1122/092043.890:ERROR:process_reader_win.cc(242)] ReadMemory at 0x7fefccb0000 of 64 bytes failed: 仅完成部分的 ReadProcessMemory 或 WriteProcessMemory 请求。 (0x12B)
[1122/092043.890:WARNING:pe_image_reader.cc(281)] could not read dos header from C:\Windows\system32\CRYPT32.dll
[1122/092043.890:ERROR:process_reader_win.cc(242)] ReadMemory at 0x7fefcb60000 of 64 bytes failed: 仅完成部分的 ReadProcessMemory 或 WriteProcessMemory 请求。 (0x12B)
[1122/092043.890:WARNING:pe_image_reader.cc(281)] could not read dos header from C:\Windows\system32\WINTRUST.dll
[1122/092043.890:ERROR:process_reader_win.cc(242)] ReadMemory at 0x7fefb1d0000 of 64 bytes failed: 仅完成部分的 ReadProcessMemory 或 WriteProcessMemory 请求。 (0x12B)
[1122/092043.890:WARNING:pe_image_reader.cc(281)] could not read dos header from C:\Windows\WinSxS\amd64_microsoft.windows.common-controls_6595b64144ccf1df_6.0.7601.18837_none_fa3b1e3d17594757\COMCTL32.dll
[1122/092043.890:ERROR:process_reader_win.cc(242)] ReadMemory at 0x7fefce20000 of 64 bytes failed: 仅完成部分的 ReadProcessMemory 或 WriteProcessMemory 请求。 (0x12B)
[1122/092043.890:WARNING:pe_image_reader.cc(281)] could not read dos header from C:\Windows\system32\COMDLG32.dll
[1122/092043.890:ERROR:process_reader_win.cc(242)] ReadMemory at 0x7fef8070000 of 64 bytes failed: 仅完成部分的 ReadProcessMemory 或 WriteProcessMemory 请求。 (0x12B)
[1122/092043.890:WARNING:pe_image_reader.cc(281)] could not read dos header from C:\Windows\system32\dbghelp.dll
[1122/092043.890:ERROR:process_reader_win.cc(242)] ReadMemory at 0x7fef8230000 of 64 bytes failed: 仅完成部分的 ReadProcessMemory 或 WriteProcessMemory 请求。 (0x12B)
[1122/092043.890:WARNING:pe_image_reader.cc(281)] could not read dos header from C:\Windows\system32\WINSPOOL.DRV
[1122/092043.890:ERROR:process_reader_win.cc(242)] ReadMemory at 0x7fef9b30000 of 64 bytes failed: 仅完成部分的 ReadProcessMemory 或 WriteProcessMemory 请求。 (0x12B)
[1122/092043.890:WARNING:pe_image_reader.cc(281)] could not read dos header from C:\Windows\system32\WINNSI.DLL
[1122/092043.890:ERROR:process_reader_win.cc(242)] ReadMemory at 0x7fef9b40000 of 64 bytes failed: 仅完成部分的 ReadProcessMemory 或 WriteProcessMemory 请求。 (0x12B)
[1122/092043.890:WARNING:pe_image_reader.cc(281)] could not read dos header from C:\Windows\system32\IPHLPAPI.DLL
[1122/092043.890:ERROR:process_reader_win.cc(242)] ReadMemory at 0x7fefc6c0000 of 64 bytes failed: 仅完成部分的 ReadProcessMemory 或 WriteProcessMemory 请求。 (0x12B)
[1122/092043.890:WARNING:pe_image_reader.cc(281)] could not read dos header from C:\Windows\system32\Secur32.dll
[1122/092043.890:ERROR:process_reader_win.cc(242)] ReadMemory at 0x7fefc870000 of 64 bytes failed: 仅完成部分的 ReadProcessMemory 或 WriteProcessMemory 请求。 (0x12B)
[1122/092043.890:WARNING:pe_image_reader.cc(281)] could not read dos header from C:\Windows\system32\SSPICLI.DLL
[1122/092043.890:ERROR:process_reader_win.cc(242)] ReadMemory at 0x7fefca80000 of 64 bytes failed: 仅完成部分的 ReadProcessMemory 或 WriteProcessMemory 请求。 (0x12B)
[1122/092043.890:WARNING:pe_image_reader.cc(281)] could not read dos header from C:\Windows\system32\api-ms-win-downlevel-ole32-l1-1-0.dll
[1122/092043.891:ERROR:process_reader_win.cc(242)] ReadMemory at 0x7fefcbc0000 of 64 bytes failed: 仅完成部分的 ReadProcessMemory 或 WriteProcessMemory 请求。 (0x12B)
[1122/092043.891:WARNING:pe_image_reader.cc(281)] could not read dos header from C:\Windows\system32\api-ms-win-downlevel-shlwapi-l1-1-0.dll
[1122/092043.891:ERROR:process_reader_win.cc(242)] ReadMemory at 0x7fefcbd0000 of 64 bytes failed: 仅完成部分的 ReadProcessMemory 或 WriteProcessMemory 请求。 (0x12B)
[1122/092043.891:WARNING:pe_image_reader.cc(281)] could not read dos header from C:\Windows\system32\api-ms-win-downlevel-advapi32-l1-1-0.dll
[1122/092043.891:ERROR:process_reader_win.cc(242)] ReadMemory at 0x7fefcb50000 of 64 bytes failed: 仅完成部分的 ReadProcessMemory 或 WriteProcessMemory 请求。 (0x12B)
[1122/092043.891:WARNING:pe_image_reader.cc(281)] could not read dos header from C:\Windows\system32\api-ms-win-downlevel-user32-l1-1-0.dll
[1122/092043.891:ERROR:process_reader_win.cc(242)] ReadMemory at 0x7fefcb00000 of 64 bytes failed: 仅完成部分的 ReadProcessMemory 或 WriteProcessMemory 请求。 (0x12B)
[1122/092043.891:WARNING:pe_image_reader.cc(281)] could not read dos header from C:\Windows\system32\api-ms-win-downlevel-version-l1-1-0.dll
[1122/092043.891:ERROR:process_reader_win.cc(242)] ReadMemory at 0x7fefcc00000 of 64 bytes failed: 仅完成部分的 ReadProcessMemory 或 WriteProcessMemory 请求。 (0x12B)
[1122/092043.891:WARNING:pe_image_reader.cc(281)] could not read dos header from C:\Windows\system32\api-ms-win-downlevel-normaliz-l1-1-0.dll
[1122/092043.891:ERROR:process_reader_win.cc(242)] ReadMemory at 0x76ef0000 of 64 bytes failed: 仅完成部分的 ReadProcessMemory 或 WriteProcessMemory 请求。 (0x12B)
[1122/092043.893:WARNING:pe_image_reader.cc(281)] could not read dos header from C:\Windows\system32\normaliz.DLL
[1122/092043.893:ERROR:process_reader_win.cc(242)] ReadMemory at 0x7fefec70000 of 64 bytes failed: 仅完成部分的 ReadProcessMemory 或 WriteProcessMemory 请求。 (0x12B)
[1122/092043.893:WARNING:pe_image_reader.cc(281)] could not read dos header from C:\Windows\system32\iertutil.dll
[1122/092043.893:ERROR:process_reader_win.cc(242)] ReadMemory at 0x7fefd480000 of 64 bytes failed: 仅完成部分的 ReadProcessMemory 或 WriteProcessMemory 请求。 (0x12B)
[1122/092043.893:WARNING:pe_image_reader.cc(281)] could not read dos header from C:\Windows\system32\WININET.dll
[1122/092043.893:ERROR:process_reader_win.cc(242)] ReadMemory at 0x7fefcee0000 of 64 bytes failed: 仅完成部分的 ReadProcessMemory 或 WriteProcessMemory 请求。 (0x12B)
[1122/092043.893:WARNING:pe_image_reader.cc(281)] could not read dos header from C:\Windows\system32\urlmon.dll
[1122/092043.893:ERROR:process_reader_win.cc(242)] ReadMemory at 0x7feea810000 of 64 bytes failed: 仅完成部分的 ReadProcessMemory 或 WriteProcessMemory 请求。 (0x12B)
[1122/092043.893:WARNING:pe_image_reader.cc(281)] could not read dos header from C:\Windows\system32\DWrite.dll
[1122/092043.893:ERROR:process_reader_win.cc(242)] ReadMemory at 0x7fedd470000 of 64 bytes failed: 仅完成部分的 ReadProcessMemory 或 WriteProcessMemory 请求。 (0x12B)
[1122/092043.893:WARNING:pe_image_reader.cc(281)] could not read dos header from C:\Program Files (x86)\Google\Chrome\Application\62.0.3202.62\chrome_child.dll
[1122/092043.893:ERROR:process_reader_win.cc(242)] ReadMemory at 0x7fefc900000 of 64 bytes failed: 仅完成部分的 ReadProcessMemory 或 WriteProcessMemory 请求。 (0x12B)
[1122/092043.893:WARNING:pe_image_reader.cc(281)] could not read dos header from C:\Windows\system32\cryptbase.dll
[1122/092043.938:ERROR:process_reader_win.cc(242)] ReadMemory at 0x13f7b0000 of 64 bytes failed: 仅完成部分的 ReadProcessMemory 或 WriteProcessMemory 请求。 (0x12B)
[1122/092043.938:WARNING:pe_image_reader.cc(281)] could not read dos header from C:\Program Files (x86)\Google\Chrome\Application\chrome.exe
[1122/092043.938:ERROR:process_reader_win.cc(242)] ReadMemory at 0x76d30000 of 64 bytes failed: 仅完成部分的 ReadProcessMemory 或 WriteProcessMemory 请求。 (0x12B)
[1122/092043.938:WARNING:pe_image_reader.cc(281)] could not read dos header from C:\Windows\SYSTEM32\ntdll.dll
[1122/092043.938:ERROR:process_reader_win.cc(242)] ReadMemory at 0x7fefca90000 of 64 bytes failed: 仅完成部分的 ReadProcessMemory 或 WriteProcessMemory 请求。 (0x12B)
[1122/092043.939:WARNING:pe_image_reader.cc(281)] could not read dos header from C:\Windows\system32\KERNELBASE.dll
[1122/092043.939:ERROR:process_reader_win.cc(242)] ReadMemory at 0x76c10000 of 64 bytes failed: 仅完成部分的 ReadProcessMemory 或 WriteProcessMemory 请求。 (0x12B)
[1122/092043.939:WARNING:pe_image_reader.cc(281)] could not read dos header from C:\Windows\system32\kernel32.dll
[1122/092043.939:ERROR:process_reader_win.cc(242)] ReadMemory at 0x7fefd2d0000 of 64 bytes failed: 仅完成部分的 ReadProcessMemory 或 WriteProcessMemory 请求。 (0x12B)
[1122/092043.939:WARNING:pe_image_reader.cc(281)] could not read dos header from C:\Windows\system32\msvcrt.dll
[1122/092043.939:ERROR:process_reader_win.cc(242)] ReadMemory at 0x7fefbb20000 of 64 bytes failed: 仅完成部分的 ReadProcessMemory 或 WriteProcessMemory 请求。 (0x12B)
[1122/092043.939:WARNING:pe_image_reader.cc(281)] could not read dos header from C:\Windows\system32\VERSION.dll
[1122/092043.939:ERROR:process_reader_win.cc(242)] ReadMemory at 0x7feeb7b0000 of 64 bytes failed: 仅完成部分的 ReadProcessMemory 或 WriteProcessMemory 请求。 (0x12B)
[1122/092043.939:WARNING:pe_image_reader.cc(281)] could not read dos header from C:\Program Files (x86)\Google\Chrome\Application\62.0.3202.62\chrome_elf.dll
[1122/092043.939:ERROR:process_reader_win.cc(242)] ReadMemory at 0x7fefd760000 of 64 bytes failed: 仅完成部分的 ReadProcessMemory 或 WriteProcessMemory 请求。 (0x12B)
[1122/092043.939:WARNING:pe_image_reader.cc(281)] could not read dos header from C:\Windows\system32\RPCRT4.dll
[1122/092043.939:ERROR:process_reader_win.cc(242)] ReadMemory at 0x7fefcec0000 of 64 bytes failed: 仅完成部分的 ReadProcessMemory 或 WriteProcessMemory 请求。 (0x12B)
[1122/092043.939:WARNING:pe_image_reader.cc(281)] could not read dos header from C:\Windows\SYSTEM32\sechost.dll
[1122/092043.939:ERROR:process_reader_win.cc(242)] ReadMemory at 0x7fefd890000 of 64 bytes failed: 仅完成部分的 ReadProcessMemory 或 WriteProcessMemory 请求。 (0x12B)
[1122/092043.939:WARNING:pe_image_reader.cc(281)] could not read dos header from C:\Windows\system32\ADVAPI32.dll
[1122/092043.939:ERROR:process_reader_win.cc(242)] ReadMemory at 0x76f00000 of 64 bytes failed: 仅完成部分的 ReadProcessMemory 或 WriteProcessMemory 请求。 (0x12B)
[1122/092043.939:WARNING:pe_image_reader.cc(281)] could not read dos header from C:\Windows\system32\PSAPI.DLL
[1122/092043.939:ERROR:process_reader_win.cc(242)] ReadMemory at 0x76b10000 of 64 bytes failed: 仅完成部分的 ReadProcessMemory 或 WriteProcessMemory 请求。 (0x12B)
[1122/092043.939:WARNING:pe_image_reader.cc(281)] could not read dos header from C:\Windows\system32\USER32.dll
[1122/092043.939:ERROR:process_reader_win.cc(242)] ReadMemory at 0x7fefd200000 of 64 bytes failed: 仅完成部分的 ReadProcessMemory 或 WriteProcessMemory 请求。 (0x12B)
[1122/092043.939:WARNING:pe_image_reader.cc(281)] could not read dos header from C:\Windows\system32\USP10.dll
[1122/092043.939:ERROR:process_reader_win.cc(242)] ReadMemory at 0x7fefd070000 of 64 bytes failed: 仅完成部分的 ReadProcessMemory 或 WriteProcessMemory 请求。 (0x12B)
[1122/092043.939:WARNING:pe_image_reader.cc(281)] could not read dos header from C:\Windows\system32\LPK.dll
[1122/092043.939:ERROR:process_reader_win.cc(242)] ReadMemory at 0x7fefd3f0000 of 64 bytes failed: 仅完成部分的 ReadProcessMemory 或 WriteProcessMemory 请求。 (0x12B)
[1122/092043.940:WARNING:pe_image_reader.cc(281)] could not read dos header from C:\Windows\system32\GDI32.dll
[1122/092043.940:ERROR:process_reader_win.cc(242)] ReadMemory at 0x7fefefc0000 of 64 bytes failed: 仅完成部分的 ReadProcessMemory 或 WriteProcessMemory 请求。 (0x12B)
[1122/092043.940:WARNING:pe_image_reader.cc(281)] could not read dos header from C:\Windows\system32\SHLWAPI.dll
[1122/092043.940:ERROR:process_reader_win.cc(242)] ReadMemory at 0x7fefdb80000 of 64 bytes failed: 仅完成部分的 ReadProcessMemory 或 WriteProcessMemory 请求。 (0x12B)
[1122/092043.940:WARNING:pe_image_reader.cc(281)] could not read dos header from C:\Windows\system32\SHELL32.dll
[1122/092043.940:ERROR:process_reader_win.cc(242)] ReadMemory at 0x7feface0000 of 64 bytes failed: 仅完成部分的 ReadProcessMemory 或 WriteProcessMemory 请求。 (0x12B)
[1122/092043.940:WARNING:pe_image_reader.cc(281)] could not read dos header from C:\Windows\system32\WINMM.dll
[1122/092043.940:ERROR:process_reader_win.cc(242)] ReadMemory at 0x7fefca60000 of 64 bytes failed: 仅完成部分的 ReadProcessMemory 或 WriteProcessMemory 请求。 (0x12B)
[1122/092043.940:WARNING:pe_image_reader.cc(281)] could not read dos header from C:\Windows\system32\profapi.dll
[1122/092043.940:ERROR:process_reader_win.cc(242)] ReadMemory at 0x7fefcbe0000 of 64 bytes failed: 仅完成部分的 ReadProcessMemory 或 WriteProcessMemory 请求。 (0x12B)
[1122/092043.940:WARNING:pe_image_reader.cc(281)] could not read dos header from C:\Windows\system32\USERENV.dll
[1122/092043.940:ERROR:process_reader_win.cc(242)] ReadMemory at 0x7fef7ef0000 of 64 bytes failed: 仅完成部分的 ReadProcessMemory 或 WriteProcessMemory 请求。 (0x12B)
[1122/092043.940:WARNING:pe_image_reader.cc(281)] could not read dos header from C:\Windows\system32\webio.dll
[1122/092043.940:ERROR:process_reader_win.cc(242)] ReadMemory at 0x7fef7f60000 of 64 bytes failed: 仅完成部分的 ReadProcessMemory 或 WriteProcessMemory 请求。 (0x12B)
[1122/092043.940:WARNING:pe_image_reader.cc(281)] could not read dos header from C:\Windows\system32\WINHTTP.dll
[1122/092043.940:ERROR:process_reader_win.cc(242)] ReadMemory at 0x7fefd080000 of 64 bytes failed: 仅完成部分的 ReadProcessMemory 或 WriteProcessMemory 请求。 (0x12B)
[1122/092043.940:WARNING:pe_image_reader.cc(281)] could not read dos header from C:\Windows\system32\MSCTF.dll
[1122/092043.940:ERROR:process_reader_win.cc(242)] ReadMemory at 0x7fefd3c0000 of 64 bytes failed: 仅完成部分的 ReadProcessMemory 或 WriteProcessMemory 请求。 (0x12B)
[1122/092043.940:WARNING:pe_image_reader.cc(281)] could not read dos header from C:\Windows\system32\IMM32.DLL
[1122/092043.940:ERROR:process_reader_win.cc(242)] ReadMemory at 0x7fefd970000 of 64 bytes failed: 仅完成部分的 ReadProcessMemory 或 WriteProcessMemory 请求。 (0x12B)
[1122/092043.940:WARNING:pe_image_reader.cc(281)] could not read dos header from C:\Windows\system32\ole32.dll
[1122/092043.940:ERROR:process_reader_win.cc(242)] ReadMemory at 0x7fefe9b0000 of 64 bytes failed: 仅完成部分的 ReadProcessMemory 或 WriteProcessMemory 请求。 (0x12B)
[1122/092043.940:WARNING:pe_image_reader.cc(281)] could not read dos header from C:\Windows\system32\OLEAUT32.dll
[1122/092043.940:ERROR:process_reader_win.cc(242)] ReadMemory at 0x7fefd1f0000 of 64 bytes failed: 仅完成部分的 ReadProcessMemory 或 WriteProcessMemory 请求。 (0x12B)
[1122/092043.940:WARNING:pe_image_reader.cc(281)] could not read dos header from C:\Windows\system32\NSI.dll
[1122/092043.941:ERROR:process_reader_win.cc(242)] ReadMemory at 0x7fefd370000 of 64 bytes failed: 仅完成部分的 ReadProcessMemory 或 WriteProcessMemory 请求。 (0x12B)
[1122/092043.941:WARNING:pe_image_reader.cc(281)] could not read dos header from C:\Windows\system32\WS2_32.dll
[1122/092043.941:ERROR:process_reader_win.cc(242)] ReadMemory at 0x7fefca70000 of 64 bytes failed: 仅完成部分的 ReadProcessMemory 或 WriteProcessMemory 请求。 (0x12B)
[1122/092043.941:WARNING:pe_image_reader.cc(281)] could not read dos header from C:\Windows\system32\MSASN1.dll
[1122/092043.941:ERROR:process_reader_win.cc(242)] ReadMemory at 0x7fefccb0000 of 64 bytes failed: 仅完成部分的 ReadProcessMemory 或 WriteProcessMemory 请求。 (0x12B)
[1122/092043.941:WARNING:pe_image_reader.cc(281)] could not read dos header from C:\Windows\system32\CRYPT32.dll
[1122/092043.941:ERROR:process_reader_win.cc(242)] ReadMemory at 0x7fefcb60000 of 64 bytes failed: 仅完成部分的 ReadProcessMemory 或 WriteProcessMemory 请求。 (0x12B)
[1122/092043.941:WARNING:pe_image_reader.cc(281)] could not read dos header from C:\Windows\system32\WINTRUST.dll
[1122/092043.941:ERROR:process_reader_win.cc(242)] ReadMemory at 0x7fefb1d0000 of 64 bytes failed: 仅完成部分的 ReadProcessMemory 或 WriteProcessMemory 请求。 (0x12B)
[1122/092043.941:WARNING:pe_image_reader.cc(281)] could not read dos header from C:\Windows\WinSxS\amd64_microsoft.windows.common-controls_6595b64144ccf1df_6.0.7601.18837_none_fa3b1e3d17594757\COMCTL32.dll
[1122/092043.941:ERROR:process_reader_win.cc(242)] ReadMemory at 0x7fefce20000 of 64 bytes failed: 仅完成部分的 ReadProcessMemory 或 WriteProcessMemory 请求。 (0x12B)
[1122/092043.941:WARNING:pe_image_reader.cc(281)] could not read dos header from C:\Windows\system32\COMDLG32.dll
[1122/092043.941:ERROR:process_reader_win.cc(242)] ReadMemory at 0x7fef8070000 of 64 bytes failed: 仅完成部分的 ReadProcessMemory 或 WriteProcessMemory 请求。 (0x12B)
[1122/092043.941:WARNING:pe_image_reader.cc(281)] could not read dos header from C:\Windows\system32\dbghelp.dll
[1122/092043.941:ERROR:process_reader_win.cc(242)] ReadMemory at 0x7fef8230000 of 64 bytes failed: 仅完成部分的 ReadProcessMemory 或 WriteProcessMemory 请求。 (0x12B)
[1122/092043.941:WARNING:pe_image_reader.cc(281)] could not read dos header from C:\Windows\system32\WINSPOOL.DRV
[1122/092043.941:ERROR:process_reader_win.cc(242)] ReadMemory at 0x7fef9b30000 of 64 bytes failed: 仅完成部分的 ReadProcessMemory 或 WriteProcessMemory 请求。 (0x12B)
[1122/092043.941:WARNING:pe_image_reader.cc(281)] could not read dos header from C:\Windows\system32\WINNSI.DLL
[1122/092043.941:ERROR:process_reader_win.cc(242)] ReadMemory at 0x7fef9b40000 of 64 bytes failed: 仅完成部分的 ReadProcessMemory 或 WriteProcessMemory 请求。 (0x12B)
[1122/092043.941:WARNING:pe_image_reader.cc(281)] could not read dos header from C:\Windows\system32\IPHLPAPI.DLL
[1122/092043.941:ERROR:process_reader_win.cc(242)] ReadMemory at 0x7fefc6c0000 of 64 bytes failed: 仅完成部分的 ReadProcessMemory 或 WriteProcessMemory 请求。 (0x12B)
[1122/092043.941:WARNING:pe_image_reader.cc(281)] could not read dos header from C:\Windows\system32\Secur32.dll
[1122/092043.941:ERROR:process_reader_win.cc(242)] ReadMemory at 0x7fefc870000 of 64 bytes failed: 仅完成部分的 ReadProcessMemory 或 WriteProcessMemory 请求。 (0x12B)
[1122/092043.941:WARNING:pe_image_reader.cc(281)] could not read dos header from C:\Windows\system32\SSPICLI.DLL
[1122/092043.941:ERROR:process_reader_win.cc(242)] ReadMemory at 0x7fefca80000 of 64 bytes failed: 仅完成部分的 ReadProcessMemory 或 WriteProcessMemory 请求。 (0x12B)
[1122/092043.942:WARNING:pe_image_reader.cc(281)] could not read dos header from C:\Windows\system32\api-ms-win-downlevel-ole32-l1-1-0.dll
[1122/092043.942:ERROR:process_reader_win.cc(242)] ReadMemory at 0x7fefcbc0000 of 64 bytes failed: 仅完成部分的 ReadProcessMemory 或 WriteProcessMemory 请求。 (0x12B)
[1122/092043.942:WARNING:pe_image_reader.cc(281)] could not read dos header from C:\Windows\system32\api-ms-win-downlevel-shlwapi-l1-1-0.dll
[1122/092043.942:ERROR:process_reader_win.cc(242)] ReadMemory at 0x7fefcbd0000 of 64 bytes failed: 仅完成部分的 ReadProcessMemory 或 WriteProcessMemory 请求。 (0x12B)
[1122/092043.942:WARNING:pe_image_reader.cc(281)] could not read dos header from C:\Windows\system32\api-ms-win-downlevel-advapi32-l1-1-0.dll
[1122/092043.942:ERROR:process_reader_win.cc(242)] ReadMemory at 0x7fefcb50000 of 64 bytes failed: 仅完成部分的 ReadProcessMemory 或 WriteProcessMemory 请求。 (0x12B)
[1122/092043.942:WARNING:pe_image_reader.cc(281)] could not read dos header from C:\Windows\system32\api-ms-win-downlevel-user32-l1-1-0.dll
[1122/092043.942:ERROR:process_reader_win.cc(242)] ReadMemory at 0x7fefcb00000 of 64 bytes failed: 仅完成部分的 ReadProcessMemory 或 WriteProcessMemory 请求。 (0x12B)
[1122/092043.942:WARNING:pe_image_reader.cc(281)] could not read dos header from C:\Windows\system32\api-ms-win-downlevel-version-l1-1-0.dll
[1122/092043.942:ERROR:process_reader_win.cc(242)] ReadMemory at 0x7fefcc00000 of 64 bytes failed: 仅完成部分的 ReadProcessMemory 或 WriteProcessMemory 请求。 (0x12B)
[1122/092043.942:WARNING:pe_image_reader.cc(281)] could not read dos header from C:\Windows\system32\api-ms-win-downlevel-normaliz-l1-1-0.dll
[1122/092043.942:ERROR:process_reader_win.cc(242)] ReadMemory at 0x76ef0000 of 64 bytes failed: 仅完成部分的 ReadProcessMemory 或 WriteProcessMemory 请求。 (0x12B)
[1122/092043.942:WARNING:pe_image_reader.cc(281)] could not read dos header from C:\Windows\system32\normaliz.DLL
[1122/092043.942:ERROR:process_reader_win.cc(242)] ReadMemory at 0x7fefec70000 of 64 bytes failed: 仅完成部分的 ReadProcessMemory 或 WriteProcessMemory 请求。 (0x12B)
[1122/092043.942:WARNING:pe_image_reader.cc(281)] could not read dos header from C:\Windows\system32\iertutil.dll
[1122/092043.942:ERROR:process_reader_win.cc(242)] ReadMemory at 0x7fefd480000 of 64 bytes failed: 仅完成部分的 ReadProcessMemory 或 WriteProcessMemory 请求。 (0x12B)
[1122/092043.942:WARNING:pe_image_reader.cc(281)] could not read dos header from C:\Windows\system32\WININET.dll
[1122/092043.942:ERROR:process_reader_win.cc(242)] ReadMemory at 0x7fefcee0000 of 64 bytes failed: 仅完成部分的 ReadProcessMemory 或 WriteProcessMemory 请求。 (0x12B)
[1122/092043.942:WARNING:pe_image_reader.cc(281)] could not read dos header from C:\Windows\system32\urlmon.dll
[1122/092043.942:ERROR:process_reader_win.cc(242)] ReadMemory at 0x7feea810000 of 64 bytes failed: 仅完成部分的 ReadProcessMemory 或 WriteProcessMemory 请求。 (0x12B)
[1122/092043.942:WARNING:pe_image_reader.cc(281)] could not read dos header from C:\Windows\system32\DWrite.dll
[1122/092043.942:ERROR:process_reader_win.cc(242)] ReadMemory at 0x7fedd470000 of 64 bytes failed: 仅完成部分的 ReadProcessMemory 或 WriteProcessMemory 请求。 (0x12B)
[1122/092043.942:WARNING:pe_image_reader.cc(281)] could not read dos header from C:\Program Files (x86)\Google\Chrome\Application\62.0.3202.62\chrome_child.dll
[1122/092043.943:ERROR:process_reader_win.cc(242)] ReadMemory at 0x7fefc900000 of 64 bytes failed: 仅完成部分的 ReadProcessMemory 或 WriteProcessMemory 请求。 (0x12B)
[1122/092043.943:WARNING:pe_image_reader.cc(281)] could not read dos header from C:\Windows\system32\cryptbase.dll
[1122/092043.943:ERROR:process_reader_win.cc(242)] ReadMemory at 0x13f7b0000 of 64 bytes failed: 仅完成部分的 ReadProcessMemory 或 WriteProcessMemory 请求。 (0x12B)
[1122/092043.943:WARNING:pe_image_reader.cc(281)] could not read dos header from C:\Program Files (x86)\Google\Chrome\Application\chrome.exe
[1122/092043.943:ERROR:process_reader_win.cc(242)] ReadMemory at 0x76d30000 of 64 bytes failed: 仅完成部分的 ReadProcessMemory 或 WriteProcessMemory 请求。 (0x12B)
[1122/092043.943:WARNING:pe_image_reader.cc(281)] could not read dos header from C:\Windows\SYSTEM32\ntdll.dll
[1122/092043.943:ERROR:process_reader_win.cc(242)] ReadMemory at 0x7fefca90000 of 64 bytes failed: 仅完成部分的 ReadProcessMemory 或 WriteProcessMemory 请求。 (0x12B)
[1122/092043.943:WARNING:pe_image_reader.cc(281)] could not read dos header from C:\Windows\system32\KERNELBASE.dll
[1122/092043.943:ERROR:process_reader_win.cc(242)] ReadMemory at 0x76c10000 of 64 bytes failed: 仅完成部分的 ReadProcessMemory 或 WriteProcessMemory 请求。 (0x12B)
[1122/092043.943:WARNING:pe_image_reader.cc(281)] could not read dos header from C:\Windows\system32\kernel32.dll
[1122/092043.943:ERROR:process_reader_win.cc(242)] ReadMemory at 0x7fefd2d0000 of 64 bytes failed: 仅完成部分的 ReadProcessMemory 或 WriteProcessMemory 请求。 (0x12B)
[1122/092043.943:WARNING:pe_image_reader.cc(281)] could not read dos header from C:\Windows\system32\msvcrt.dll
[1122/092043.943:ERROR:process_reader_win.cc(242)] ReadMemory at 0x7fefbb20000 of 64 bytes failed: 仅完成部分的 ReadProcessMemory 或 WriteProcessMemory 请求。 (0x12B)
[1122/092043.943:WARNING:pe_image_reader.cc(281)] could not read dos header from C:\Windows\system32\VERSION.dll
[1122/092043.943:ERROR:process_reader_win.cc(242)] ReadMemory at 0x7feeb7b0000 of 64 bytes failed: 仅完成部分的 ReadProcessMemory 或 WriteProcessMemory 请求。 (0x12B)
[1122/092043.943:WARNING:pe_image_reader.cc(281)] could not read dos header from C:\Program Files (x86)\Google\Chrome\Application\62.0.3202.62\chrome_elf.dll
[1122/092043.943:ERROR:process_reader_win.cc(242)] ReadMemory at 0x7fefd760000 of 64 bytes failed: 仅完成部分的 ReadProcessMemory 或 WriteProcessMemory 请求。 (0x12B)
[1122/092043.943:WARNING:pe_image_reader.cc(281)] could not read dos header from C:\Windows\system32\RPCRT4.dll
[1122/092043.943:ERROR:process_reader_win.cc(242)] ReadMemory at 0x7fefcec0000 of 64 bytes failed: 仅完成部分的 ReadProcessMemory 或 WriteProcessMemory 请求。 (0x12B)
[1122/092043.943:WARNING:pe_image_reader.cc(281)] could not read dos header from C:\Windows\SYSTEM32\sechost.dll
[1122/092043.943:ERROR:process_reader_win.cc(242)] ReadMemory at 0x7fefd890000 of 64 bytes failed: 仅完成部分的 ReadProcessMemory 或 WriteProcessMemory 请求。 (0x12B)
[1122/092043.943:WARNING:pe_image_reader.cc(281)] could not read dos header from C:\Windows\system32\ADVAPI32.dll
[1122/092043.943:ERROR:process_reader_win.cc(242)] ReadMemory at 0x76f00000 of 64 bytes failed: 仅完成部分的 ReadProcessMemory 或 WriteProcessMemory 请求。 (0x12B)
[1122/092043.943:WARNING:pe_image_reader.cc(281)] could not read dos header from C:\Windows\system32\PSAPI.DLL
[1122/092043.944:ERROR:process_reader_win.cc(242)] ReadMemory at 0x76b10000 of 64 bytes failed: 仅完成部分的 ReadProcessMemory 或 WriteProcessMemory 请求。 (0x12B)
[1122/092043.944:WARNING:pe_image_reader.cc(281)] could not read dos header from C:\Windows\system32\USER32.dll
[1122/092043.944:ERROR:process_reader_win.cc(242)] ReadMemory at 0x7fefd200000 of 64 bytes failed: 仅完成部分的 ReadProcessMemory 或 WriteProcessMemory 请求。 (0x12B)
[1122/092043.944:WARNING:pe_image_reader.cc(281)] could not read dos header from C:\Windows\system32\USP10.dll
[1122/092043.944:ERROR:process_reader_win.cc(242)] ReadMemory at 0x7fefd070000 of 64 bytes failed: 仅完成部分的 ReadProcessMemory 或 WriteProcessMemory 请求。 (0x12B)
[1122/092043.944:WARNING:pe_image_reader.cc(281)] could not read dos header from C:\Windows\system32\LPK.dll
[1122/092043.944:ERROR:process_reader_win.cc(242)] ReadMemory at 0x7fefd3f0000 of 64 bytes failed: 仅完成部分的 ReadProcessMemory 或 WriteProcessMemory 请求。 (0x12B)
[1122/092043.944:WARNING:pe_image_reader.cc(281)] could not read dos header from C:\Windows\system32\GDI32.dll
[1122/092043.944:ERROR:process_reader_win.cc(242)] ReadMemory at 0x7fefefc0000 of 64 bytes failed: 仅完成部分的 ReadProcessMemory 或 WriteProcessMemory 请求。 (0x12B)
[1122/092043.944:WARNING:pe_image_reader.cc(281)] could not read dos header from C:\Windows\system32\SHLWAPI.dll
[1122/092043.944:ERROR:process_reader_win.cc(242)] ReadMemory at 0x7fefdb80000 of 64 bytes failed: 仅完成部分的 ReadProcessMemory 或 WriteProcessMemory 请求。 (0x12B)
[1122/092043.944:WARNING:pe_image_reader.cc(281)] could not read dos header from C:\Windows\system32\SHELL32.dll
[1122/092043.944:ERROR:process_reader_win.cc(242)] ReadMemory at 0x7feface0000 of 64 bytes failed: 仅完成部分的 ReadProcessMemory 或 WriteProcessMemory 请求。 (0x12B)
[1122/092043.944:WARNING:pe_image_reader.cc(281)] could not read dos header from C:\Windows\system32\WINMM.dll
[1122/092043.944:ERROR:process_reader_win.cc(242)] ReadMemory at 0x7fefca60000 of 64 bytes failed: 仅完成部分的 ReadProcessMemory 或 WriteProcessMemory 请求。 (0x12B)
[1122/092043.944:WARNING:pe_image_reader.cc(281)] could not read dos header from C:\Windows\system32\profapi.dll
[1122/092043.944:ERROR:process_reader_win.cc(242)] ReadMemory at 0x7fefcbe0000 of 64 bytes failed: 仅完成部分的 ReadProcessMemory 或 WriteProcessMemory 请求。 (0x12B)
[1122/092043.944:WARNING:pe_image_reader.cc(281)] could not read dos header from C:\Windows\system32\USERENV.dll
[1122/092043.944:ERROR:process_reader_win.cc(242)] ReadMemory at 0x7fef7ef0000 of 64 bytes failed: 仅完成部分的 ReadProcessMemory 或 WriteProcessMemory 请求。 (0x12B)
[1122/092043.944:WARNING:pe_image_reader.cc(281)] could not read dos header from C:\Windows\system32\webio.dll
[1122/092043.944:ERROR:process_reader_win.cc(242)] ReadMemory at 0x7fef7f60000 of 64 bytes failed: 仅完成部分的 ReadProcessMemory 或 WriteProcessMemory 请求。 (0x12B)
[1122/092043.944:WARNING:pe_image_reader.cc(281)] could not read dos header from C:\Windows\system32\WINHTTP.dll
[1122/092043.944:ERROR:process_reader_win.cc(242)] ReadMemory at 0x7fefd080000 of 64 bytes failed: 仅完成部分的 ReadProcessMemory 或 WriteProcessMemory 请求。 (0x12B)
[1122/092043.944:WARNING:pe_image_reader.cc(281)] could not read dos header from C:\Windows\system32\MSCTF.dll
[1122/092043.945:ERROR:process_reader_win.cc(242)] ReadMemory at 0x7fefd3c0000 of 64 bytes failed: 仅完成部分的 ReadProcessMemory 或 WriteProcessMemory 请求。 (0x12B)
[1122/092043.945:WARNING:pe_image_reader.cc(281)] could not read dos header from C:\Windows\system32\IMM32.DLL
[1122/092043.945:ERROR:process_reader_win.cc(242)] ReadMemory at 0x7fefd970000 of 64 bytes failed: 仅完成部分的 ReadProcessMemory 或 WriteProcessMemory 请求。 (0x12B)
[1122/092043.945:WARNING:pe_image_reader.cc(281)] could not read dos header from C:\Windows\system32\ole32.dll
[1122/092043.945:ERROR:process_reader_win.cc(242)] ReadMemory at 0x7fefe9b0000 of 64 bytes failed: 仅完成部分的 ReadProcessMemory 或 WriteProcessMemory 请求。 (0x12B)
[1122/092043.945:WARNING:pe_image_reader.cc(281)] could not read dos header from C:\Windows\system32\OLEAUT32.dll
[1122/092043.945:ERROR:process_reader_win.cc(242)] ReadMemory at 0x7fefd1f0000 of 64 bytes failed: 仅完成部分的 ReadProcessMemory 或 WriteProcessMemory 请求。 (0x12B)
[1122/092043.945:WARNING:pe_image_reader.cc(281)] could not read dos header from C:\Windows\system32\NSI.dll
[1122/092043.945:ERROR:process_reader_win.cc(242)] ReadMemory at 0x7fefd370000 of 64 bytes failed: 仅完成部分的 ReadProcessMemory 或 WriteProcessMemory 请求。 (0x12B)
[1122/092043.945:WARNING:pe_image_reader.cc(281)] could not read dos header from C:\Windows\system32\WS2_32.dll
[1122/092043.945:ERROR:process_reader_win.cc(242)] ReadMemory at 0x7fefca70000 of 64 bytes failed: 仅完成部分的 ReadProcessMemory 或 WriteProcessMemory 请求。 (0x12B)
[1122/092043.945:WARNING:pe_image_reader.cc(281)] could not read dos header from C:\Windows\system32\MSASN1.dll
[1122/092043.945:ERROR:process_reader_win.cc(242)] ReadMemory at 0x7fefccb0000 of 64 bytes failed: 仅完成部分的 ReadProcessMemory 或 WriteProcessMemory 请求。 (0x12B)
[1122/092043.945:WARNING:pe_image_reader.cc(281)] could not read dos header from C:\Windows\system32\CRYPT32.dll
[1122/092043.945:ERROR:process_reader_win.cc(242)] ReadMemory at 0x7fefcb60000 of 64 bytes failed: 仅完成部分的 ReadProcessMemory 或 WriteProcessMemory 请求。 (0x12B)
[1122/092043.945:WARNING:pe_image_reader.cc(281)] could not read dos header from C:\Windows\system32\WINTRUST.dll
[1122/092043.945:ERROR:process_reader_win.cc(242)] ReadMemory at 0x7fefb1d0000 of 64 bytes failed: 仅完成部分的 ReadProcessMemory 或 WriteProcessMemory 请求。 (0x12B)
[1122/092043.945:WARNING:pe_image_reader.cc(281)] could not read dos header from C:\Windows\WinSxS\amd64_microsoft.windows.common-controls_6595b64144ccf1df_6.0.7601.18837_none_fa3b1e3d17594757\COMCTL32.dll
[1122/092043.945:ERROR:process_reader_win.cc(242)] ReadMemory at 0x7fefce20000 of 64 bytes failed: 仅完成部分的 ReadProcessMemory 或 WriteProcessMemory 请求。 (0x12B)
[1122/092043.945:WARNING:pe_image_reader.cc(281)] could not read dos header from C:\Windows\system32\COMDLG32.dll
[1122/092043.945:ERROR:process_reader_win.cc(242)] ReadMemory at 0x7fef8070000 of 64 bytes failed: 仅完成部分的 ReadProcessMemory 或 WriteProcessMemory 请求。 (0x12B)
[1122/092043.945:WARNING:pe_image_reader.cc(281)] could not read dos header from C:\Windows\system32\dbghelp.dll
[1122/092043.945:ERROR:process_reader_win.cc(242)] ReadMemory at 0x7fef8230000 of 64 bytes failed: 仅完成部分的 ReadProcessMemory 或 WriteProcessMemory 请求。 (0x12B)
[1122/092043.945:WARNING:pe_image_reader.cc(281)] could not read dos header from C:\Windows\system32\WINSPOOL.DRV
[1122/092043.945:ERROR:process_reader_win.cc(242)] ReadMemory at 0x7fef9b30000 of 64 bytes failed: 仅完成部分的 ReadProcessMemory 或 WriteProcessMemory 请求。 (0x12B)
[1122/092043.946:WARNING:pe_image_reader.cc(281)] could not read dos header from C:\Windows\system32\WINNSI.DLL
[1122/092043.946:ERROR:process_reader_win.cc(242)] ReadMemory at 0x7fef9b40000 of 64 bytes failed: 仅完成部分的 ReadProcessMemory 或 WriteProcessMemory 请求。 (0x12B)
[1122/092043.946:WARNING:pe_image_reader.cc(281)] could not read dos header from C:\Windows\system32\IPHLPAPI.DLL
[1122/092043.946:ERROR:process_reader_win.cc(242)] ReadMemory at 0x7fefc6c0000 of 64 bytes failed: 仅完成部分的 ReadProcessMemory 或 WriteProcessMemory 请求。 (0x12B)
[1122/092043.946:WARNING:pe_image_reader.cc(281)] could not read dos header from C:\Windows\system32\Secur32.dll
[1122/092043.946:ERROR:process_reader_win.cc(242)] ReadMemory at 0x7fefc870000 of 64 bytes failed: 仅完成部分的 ReadProcessMemory 或 WriteProcessMemory 请求。 (0x12B)
[1122/092043.946:WARNING:pe_image_reader.cc(281)] could not read dos header from C:\Windows\system32\SSPICLI.DLL
[1122/092043.946:ERROR:process_reader_win.cc(242)] ReadMemory at 0x7fefca80000 of 64 bytes failed: 仅完成部分的 ReadProcessMemory 或 WriteProcessMemory 请求。 (0x12B)
[1122/092043.946:WARNING:pe_image_reader.cc(281)] could not read dos header from C:\Windows\system32\api-ms-win-downlevel-ole32-l1-1-0.dll
[1122/092043.946:ERROR:process_reader_win.cc(242)] ReadMemory at 0x7fefcbc0000 of 64 bytes failed: 仅完成部分的 ReadProcessMemory 或 WriteProcessMemory 请求。 (0x12B)
[1122/092043.946:WARNING:pe_image_reader.cc(281)] could not read dos header from C:\Windows\system32\api-ms-win-downlevel-shlwapi-l1-1-0.dll
[1122/092043.946:ERROR:process_reader_win.cc(242)] ReadMemory at 0x7fefcbd0000 of 64 bytes failed: 仅完成部分的 ReadProcessMemory 或 WriteProcessMemory 请求。 (0x12B)
[1122/092043.946:WARNING:pe_image_reader.cc(281)] could not read dos header from C:\Windows\system32\api-ms-win-downlevel-advapi32-l1-1-0.dll
[1122/092043.946:ERROR:process_reader_win.cc(242)] ReadMemory at 0x7fefcb50000 of 64 bytes failed: 仅完成部分的 ReadProcessMemory 或 WriteProcessMemory 请求。 (0x12B)
[1122/092043.946:WARNING:pe_image_reader.cc(281)] could not read dos header from C:\Windows\system32\api-ms-win-downlevel-user32-l1-1-0.dll
[1122/092043.946:ERROR:process_reader_win.cc(242)] ReadMemory at 0x7fefcb00000 of 64 bytes failed: 仅完成部分的 ReadProcessMemory 或 WriteProcessMemory 请求。 (0x12B)
[1122/092043.946:WARNING:pe_image_reader.cc(281)] could not read dos header from C:\Windows\system32\api-ms-win-downlevel-version-l1-1-0.dll
[1122/092043.946:ERROR:process_reader_win.cc(242)] ReadMemory at 0x7fefcc00000 of 64 bytes failed: 仅完成部分的 ReadProcessMemory 或 WriteProcessMemory 请求。 (0x12B)
[1122/092043.946:WARNING:pe_image_reader.cc(281)] could not read dos header from C:\Windows\system32\api-ms-win-downlevel-normaliz-l1-1-0.dll
[1122/092043.946:ERROR:process_reader_win.cc(242)] ReadMemory at 0x76ef0000 of 64 bytes failed: 仅完成部分的 ReadProcessMemory 或 WriteProcessMemory 请求。 (0x12B)
[1122/092043.946:WARNING:pe_image_reader.cc(281)] could not read dos header from C:\Windows\system32\normaliz.DLL
[1122/092043.946:ERROR:process_reader_win.cc(242)] ReadMemory at 0x7fefec70000 of 64 bytes failed: 仅完成部分的 ReadProcessMemory 或 WriteProcessMemory 请求。 (0x12B)
[1122/092043.946:WARNING:pe_image_reader.cc(281)] could not read dos header from C:\Windows\system32\iertutil.dll
[1122/092043.946:ERROR:process_reader_win.cc(242)] ReadMemory at 0x7fefd480000 of 64 bytes failed: 仅完成部分的 ReadProcessMemory 或 WriteProcessMemory 请求。 (0x12B)
[1122/092043.946:WARNING:pe_image_reader.cc(281)] could not read dos header from C:\Windows\system32\WININET.dll
[1122/092043.946:ERROR:process_reader_win.cc(242)] ReadMemory at 0x7fefcee0000 of 64 bytes failed: 仅完成部分的 ReadProcessMemory 或 WriteProcessMemory 请求。 (0x12B)
[1122/092043.946:WARNING:pe_image_reader.cc(281)] could not read dos header from C:\Windows\system32\urlmon.dll
[1122/092043.947:ERROR:process_reader_win.cc(242)] ReadMemory at 0x7feea810000 of 64 bytes failed: 仅完成部分的 ReadProcessMemory 或 WriteProcessMemory 请求。 (0x12B)
[1122/092043.947:WARNING:pe_image_reader.cc(281)] could not read dos header from C:\Windows\system32\DWrite.dll
[1122/092043.947:ERROR:process_reader_win.cc(242)] ReadMemory at 0x7fedd470000 of 64 bytes failed: 仅完成部分的 ReadProcessMemory 或 WriteProcessMemory 请求。 (0x12B)
[1122/092043.947:WARNING:pe_image_reader.cc(281)] could not read dos header from C:\Program Files (x86)\Google\Chrome\Application\62.0.3202.62\chrome_child.dll
[1122/092043.947:ERROR:process_reader_win.cc(242)] ReadMemory at 0x7fefc900000 of 64 bytes failed: 仅完成部分的 ReadProcessMemory 或 WriteProcessMemory 请求。 (0x12B)
[1122/092043.947:WARNING:pe_image_reader.cc(281)] could not read dos header from C:\Windows\system32\cryptbase.dll
[1122/092043.966:ERROR:process_reader_win.cc(242)] ReadMemory at 0x13f7b0000 of 64 bytes failed: 仅完成部分的 ReadProcessMemory 或 WriteProcessMemory 请求。 (0x12B)
[1122/092043.966:WARNING:pe_image_reader.cc(281)] could not read dos header from C:\Program Files (x86)\Google\Chrome\Application\chrome.exe
[1122/092043.966:ERROR:process_reader_win.cc(242)] ReadMemory at 0x76d30000 of 64 bytes failed: 仅完成部分的 ReadProcessMemory 或 WriteProcessMemory 请求。 (0x12B)
[1122/092043.966:WARNING:pe_image_reader.cc(281)] could not read dos header from C:\Windows\SYSTEM32\ntdll.dll
[1122/092043.966:ERROR:process_reader_win.cc(242)] ReadMemory at 0x7fefca90000 of 64 bytes failed: 仅完成部分的 ReadProcessMemory 或 WriteProcessMemory 请求。 (0x12B)
[1122/092043.966:WARNING:pe_image_reader.cc(281)] could not read dos header from C:\Windows\system32\KERNELBASE.dll
[1122/092043.966:ERROR:process_reader_win.cc(242)] ReadMemory at 0x76c10000 of 64 bytes failed: 仅完成部分的 ReadProcessMemory 或 WriteProcessMemory 请求。 (0x12B)
[1122/092043.966:WARNING:pe_image_reader.cc(281)] could not read dos header from C:\Windows\system32\kernel32.dll
[1122/092043.966:ERROR:process_reader_win.cc(242)] ReadMemory at 0x7fefd2d0000 of 64 bytes failed: 仅完成部分的 ReadProcessMemory 或 WriteProcessMemory 请求。 (0x12B)
[1122/092043.966:WARNING:pe_image_reader.cc(281)] could not read dos header from C:\Windows\system32\msvcrt.dll
[1122/092043.966:ERROR:process_reader_win.cc(242)] ReadMemory at 0x7fefbb20000 of 64 bytes failed: 仅完成部分的 ReadProcessMemory 或 WriteProcessMemory 请求。 (0x12B)
[1122/092043.966:WARNING:pe_image_reader.cc(281)] could not read dos header from C:\Windows\system32\VERSION.dll
[1122/092043.966:ERROR:process_reader_win.cc(242)] ReadMemory at 0x7feeb7b0000 of 64 bytes failed: 仅完成部分的 ReadProcessMemory 或 WriteProcessMemory 请求。 (0x12B)
[1122/092043.966:WARNING:pe_image_reader.cc(281)] could not read dos header from C:\Program Files (x86)\Google\Chrome\Application\62.0.3202.62\chrome_elf.dll
[1122/092043.966:ERROR:process_reader_win.cc(242)] ReadMemory at 0x7fefd760000 of 64 bytes failed: 仅完成部分的 ReadProcessMemory 或 WriteProcessMemory 请求。 (0x12B)
[1122/092043.966:WARNING:pe_image_reader.cc(281)] could not read dos header from C:\Windows\system32\RPCRT4.dll
[1122/092043.966:ERROR:process_reader_win.cc(242)] ReadMemory at 0x7fefcec0000 of 64 bytes failed: 仅完成部分的 ReadProcessMemory 或 WriteProcessMemory 请求。 (0x12B)
[1122/092043.966:WARNING:pe_image_reader.cc(281)] could not read dos header from C:\Windows\SYSTEM32\sechost.dll
[1122/092043.966:ERROR:process_reader_win.cc(242)] ReadMemory at 0x7fefd890000 of 64 bytes failed: 仅完成部分的 ReadProcessMemory 或 WriteProcessMemory 请求。 (0x12B)
[1122/092043.967:WARNING:pe_image_reader.cc(281)] could not read dos header from C:\Windows\system32\ADVAPI32.dll
[1122/092043.967:ERROR:process_reader_win.cc(242)] ReadMemory at 0x76f00000 of 64 bytes failed: 仅完成部分的 ReadProcessMemory 或 WriteProcessMemory 请求。 (0x12B)
[1122/092043.967:WARNING:pe_image_reader.cc(281)] could not read dos header from C:\Windows\system32\PSAPI.DLL
[1122/092043.967:ERROR:process_reader_win.cc(242)] ReadMemory at 0x76b10000 of 64 bytes failed: 仅完成部分的 ReadProcessMemory 或 WriteProcessMemory 请求。 (0x12B)
[1122/092043.967:WARNING:pe_image_reader.cc(281)] could not read dos header from C:\Windows\system32\USER32.dll
[1122/092043.967:ERROR:process_reader_win.cc(242)] ReadMemory at 0x7fefd200000 of 64 bytes failed: 仅完成部分的 ReadProcessMemory 或 WriteProcessMemory 请求。 (0x12B)
[1122/092043.967:WARNING:pe_image_reader.cc(281)] could not read dos header from C:\Windows\system32\USP10.dll
[1122/092043.967:ERROR:process_reader_win.cc(242)] ReadMemory at 0x7fefd070000 of 64 bytes failed: 仅完成部分的 ReadProcessMemory 或 WriteProcessMemory 请求。 (0x12B)
[1122/092043.967:WARNING:pe_image_reader.cc(281)] could not read dos header from C:\Windows\system32\LPK.dll
[1122/092043.967:ERROR:process_reader_win.cc(242)] ReadMemory at 0x7fefd3f0000 of 64 bytes failed: 仅完成部分的 ReadProcessMemory 或 WriteProcessMemory 请求。 (0x12B)
[1122/092043.967:WARNING:pe_image_reader.cc(281)] could not read dos header from C:\Windows\system32\GDI32.dll
[1122/092043.967:ERROR:process_reader_win.cc(242)] ReadMemory at 0x7fefefc0000 of 64 bytes failed: 仅完成部分的 ReadProcessMemory 或 WriteProcessMemory 请求。 (0x12B)
[1122/092043.967:WARNING:pe_image_reader.cc(281)] could not read dos header from C:\Windows\system32\SHLWAPI.dll
[1122/092043.967:ERROR:process_reader_win.cc(242)] ReadMemory at 0x7fefdb80000 of 64 bytes failed: 仅完成部分的 ReadProcessMemory 或 WriteProcessMemory 请求。 (0x12B)
[1122/092043.967:WARNING:pe_image_reader.cc(281)] could not read dos header from C:\Windows\system32\SHELL32.dll
[1122/092043.967:ERROR:process_reader_win.cc(242)] ReadMemory at 0x7feface0000 of 64 bytes failed: 仅完成部分的 ReadProcessMemory 或 WriteProcessMemory 请求。 (0x12B)
[1122/092043.967:WARNING:pe_image_reader.cc(281)] could not read dos header from C:\Windows\system32\WINMM.dll
[1122/092043.967:ERROR:process_reader_win.cc(242)] ReadMemory at 0x7fefca60000 of 64 bytes failed: 仅完成部分的 ReadProcessMemory 或 WriteProcessMemory 请求。 (0x12B)
[1122/092043.967:WARNING:pe_image_reader.cc(281)] could not read dos header from C:\Windows\system32\profapi.dll
[1122/092043.967:ERROR:process_reader_win.cc(242)] ReadMemory at 0x7fefcbe0000 of 64 bytes failed: 仅完成部分的 ReadProcessMemory 或 WriteProcessMemory 请求。 (0x12B)
[1122/092043.967:WARNING:pe_image_reader.cc(281)] could not read dos header from C:\Windows\system32\USERENV.dll
[1122/092043.967:ERROR:process_reader_win.cc(242)] ReadMemory at 0x7fef7ef0000 of 64 bytes failed: 仅完成部分的 ReadProcessMemory 或 WriteProcessMemory 请求。 (0x12B)
[1122/092043.967:WARNING:pe_image_reader.cc(281)] could not read dos header from C:\Windows\system32\webio.dll
[1122/092043.967:ERROR:process_reader_win.cc(242)] ReadMemory at 0x7fef7f60000 of 64 bytes failed: 仅完成部分的 ReadProcessMemory 或 WriteProcessMemory 请求。 (0x12B)
[1122/092043.968:WARNING:pe_image_reader.cc(281)] could not read dos header from C:\Windows\system32\WINHTTP.dll
[1122/092043.968:ERROR:process_reader_win.cc(242)] ReadMemory at 0x7fefd080000 of 64 bytes failed: 仅完成部分的 ReadProcessMemory 或 WriteProcessMemory 请求。 (0x12B)
[1122/092043.968:WARNING:pe_image_reader.cc(281)] could not read dos header from C:\Windows\system32\MSCTF.dll
[1122/092043.968:ERROR:process_reader_win.cc(242)] ReadMemory at 0x7fefd3c0000 of 64 bytes failed: 仅完成部分的 ReadProcessMemory 或 WriteProcessMemory 请求。 (0x12B)
[1122/092043.968:WARNING:pe_image_reader.cc(281)] could not read dos header from C:\Windows\system32\IMM32.DLL
[1122/092043.968:ERROR:process_reader_win.cc(242)] ReadMemory at 0x7fefd970000 of 64 bytes failed: 仅完成部分的 ReadProcessMemory 或 WriteProcessMemory 请求。 (0x12B)
[1122/092043.968:WARNING:pe_image_reader.cc(281)] could not read dos header from C:\Windows\system32\ole32.dll
[1122/092043.968:ERROR:process_reader_win.cc(242)] ReadMemory at 0x7fefe9b0000 of 64 bytes failed: 仅完成部分的 ReadProcessMemory 或 WriteProcessMemory 请求。 (0x12B)
[1122/092043.968:WARNING:pe_image_reader.cc(281)] could not read dos header from C:\Windows\system32\OLEAUT32.dll
[1122/092043.968:ERROR:process_reader_win.cc(242)] ReadMemory at 0x7fefd1f0000 of 64 bytes failed: 仅完成部分的 ReadProcessMemory 或 WriteProcessMemory 请求。 (0x12B)
[1122/092043.968:WARNING:pe_image_reader.cc(281)] could not read dos header from C:\Windows\system32\NSI.dll
[1122/092043.968:ERROR:process_reader_win.cc(242)] ReadMemory at 0x7fefd370000 of 64 bytes failed: 仅完成部分的 ReadProcessMemory 或 WriteProcessMemory 请求。 (0x12B)
[1122/092043.968:WARNING:pe_image_reader.cc(281)] could not read dos header from C:\Windows\system32\WS2_32.dll
[1122/092043.968:ERROR:process_reader_win.cc(242)] ReadMemory at 0x7fefca70000 of 64 bytes failed: 仅完成部分的 ReadProcessMemory 或 WriteProcessMemory 请求。 (0x12B)
[1122/092043.968:WARNING:pe_image_reader.cc(281)] could not read dos header from C:\Windows\system32\MSASN1.dll
[1122/092043.968:ERROR:process_reader_win.cc(242)] ReadMemory at 0x7fefccb0000 of 64 bytes failed: 仅完成部分的 ReadProcessMemory 或 WriteProcessMemory 请求。 (0x12B)
[1122/092043.968:WARNING:pe_image_reader.cc(281)] could not read dos header from C:\Windows\system32\CRYPT32.dll
[1122/092043.968:ERROR:process_reader_win.cc(242)] ReadMemory at 0x7fefcb60000 of 64 bytes failed: 仅完成部分的 ReadProcessMemory 或 WriteProcessMemory 请求。 (0x12B)
[1122/092043.968:WARNING:pe_image_reader.cc(281)] could not read dos header from C:\Windows\system32\WINTRUST.dll
[1122/092043.968:ERROR:process_reader_win.cc(242)] ReadMemory at 0x7fefb1d0000 of 64 bytes failed: 仅完成部分的 ReadProcessMemory 或 WriteProcessMemory 请求。 (0x12B)
[1122/092043.968:WARNING:pe_image_reader.cc(281)] could not read dos header from C:\Windows\WinSxS\amd64_microsoft.windows.common-controls_6595b64144ccf1df_6.0.7601.18837_none_fa3b1e3d17594757\COMCTL32.dll
[1122/092043.968:ERROR:process_reader_win.cc(242)] ReadMemory at 0x7fefce20000 of 64 bytes failed: 仅完成部分的 ReadProcessMemory 或 WriteProcessMemory 请求。 (0x12B)
[1122/092043.968:WARNING:pe_image_reader.cc(281)] could not read dos header from C:\Windows\system32\COMDLG32.dll
[1122/092043.968:ERROR:process_reader_win.cc(242)] ReadMemory at 0x7fef8070000 of 64 bytes failed: 仅完成部分的 ReadProcessMemory 或 WriteProcessMemory 请求。 (0x12B)
[1122/092043.968:WARNING:pe_image_reader.cc(281)] could not read dos header from C:\Windows\system32\dbghelp.dll
[1122/092043.968:ERROR:process_reader_win.cc(242)] ReadMemory at 0x7fef8230000 of 64 bytes failed: 仅完成部分的 ReadProcessMemory 或 WriteProcessMemory 请求。 (0x12B)
[1122/092043.968:WARNING:pe_image_reader.cc(281)] could not read dos header from C:\Windows\system32\WINSPOOL.DRV
[1122/092043.968:ERROR:process_reader_win.cc(242)] ReadMemory at 0x7fef9b30000 of 64 bytes failed: 仅完成部分的 ReadProcessMemory 或 WriteProcessMemory 请求。 (0x12B)
[1122/092043.969:WARNING:pe_image_reader.cc(281)] could not read dos header from C:\Windows\system32\WINNSI.DLL
[1122/092043.969:ERROR:process_reader_win.cc(242)] ReadMemory at 0x7fef9b40000 of 64 bytes failed: 仅完成部分的 ReadProcessMemory 或 WriteProcessMemory 请求。 (0x12B)
[1122/092043.969:WARNING:pe_image_reader.cc(281)] could not read dos header from C:\Windows\system32\IPHLPAPI.DLL
[1122/092043.969:ERROR:process_reader_win.cc(242)] ReadMemory at 0x7fefc6c0000 of 64 bytes failed: 仅完成部分的 ReadProcessMemory 或 WriteProcessMemory 请求。 (0x12B)
[1122/092043.969:WARNING:pe_image_reader.cc(281)] could not read dos header from C:\Windows\system32\Secur32.dll
[1122/092043.969:ERROR:process_reader_win.cc(242)] ReadMemory at 0x7fefc870000 of 64 bytes failed: 仅完成部分的 ReadProcessMemory 或 WriteProcessMemory 请求。 (0x12B)
[1122/092043.969:WARNING:pe_image_reader.cc(281)] could not read dos header from C:\Windows\system32\SSPICLI.DLL
[1122/092043.969:ERROR:process_reader_win.cc(242)] ReadMemory at 0x7fefca80000 of 64 bytes failed: 仅完成部分的 ReadProcessMemory 或 WriteProcessMemory 请求。 (0x12B)
[1122/092043.969:WARNING:pe_image_reader.cc(281)] could not read dos header from C:\Windows\system32\api-ms-win-downlevel-ole32-l1-1-0.dll
[1122/092043.969:ERROR:process_reader_win.cc(242)] ReadMemory at 0x7fefcbc0000 of 64 bytes failed: 仅完成部分的 ReadProcessMemory 或 WriteProcessMemory 请求。 (0x12B)
[1122/092043.969:WARNING:pe_image_reader.cc(281)] could not read dos header from C:\Windows\system32\api-ms-win-downlevel-shlwapi-l1-1-0.dll
[1122/092043.969:ERROR:process_reader_win.cc(242)] ReadMemory at 0x7fefcbd0000 of 64 bytes failed: 仅完成部分的 ReadProcessMemory 或 WriteProcessMemory 请求。 (0x12B)
[1122/092043.969:WARNING:pe_image_reader.cc(281)] could not read dos header from C:\Windows\system32\api-ms-win-downlevel-advapi32-l1-1-0.dll
[1122/092043.969:ERROR:process_reader_win.cc(242)] ReadMemory at 0x7fefcb50000 of 64 bytes failed: 仅完成部分的 ReadProcessMemory 或 WriteProcessMemory 请求。 (0x12B)
[1122/092043.969:WARNING:pe_image_reader.cc(281)] could not read dos header from C:\Windows\system32\api-ms-win-downlevel-user32-l1-1-0.dll
[1122/092043.969:ERROR:process_reader_win.cc(242)] ReadMemory at 0x7fefcb00000 of 64 bytes failed: 仅完成部分的 ReadProcessMemory 或 WriteProcessMemory 请求。 (0x12B)
[1122/092043.969:WARNING:pe_image_reader.cc(281)] could not read dos header from C:\Windows\system32\api-ms-win-downlevel-version-l1-1-0.dll
[1122/092043.969:ERROR:process_reader_win.cc(242)] ReadMemory at 0x7fefcc00000 of 64 bytes failed: 仅完成部分的 ReadProcessMemory 或 WriteProcessMemory 请求。 (0x12B)
[1122/092043.969:WARNING:pe_image_reader.cc(281)] could not read dos header from C:\Windows\system32\api-ms-win-downlevel-normaliz-l1-1-0.dll
[1122/092043.969:ERROR:process_reader_win.cc(242)] ReadMemory at 0x76ef0000 of 64 bytes failed: 仅完成部分的 ReadProcessMemory 或 WriteProcessMemory 请求。 (0x12B)
[1122/092043.969:WARNING:pe_image_reader.cc(281)] could not read dos header from C:\Windows\system32\normaliz.DLL
[1122/092043.969:ERROR:process_reader_win.cc(242)] ReadMemory at 0x7fefec70000 of 64 bytes failed: 仅完成部分的 ReadProcessMemory 或 WriteProcessMemory 请求。 (0x12B)
[1122/092043.969:WARNING:pe_image_reader.cc(281)] could not read dos header from C:\Windows\system32\iertutil.dll
[1122/092043.969:ERROR:process_reader_win.cc(242)] ReadMemory at 0x7fefd480000 of 64 bytes failed: 仅完成部分的 ReadProcessMemory 或 WriteProcessMemory 请求。 (0x12B)
[1122/092043.969:WARNING:pe_image_reader.cc(281)] could not read dos header from C:\Windows\system32\WININET.dll
[1122/092043.969:ERROR:process_reader_win.cc(242)] ReadMemory at 0x7fefcee0000 of 64 bytes failed: 仅完成部分的 ReadProcessMemory 或 WriteProcessMemory 请求。 (0x12B)
[1122/092043.970:WARNING:pe_image_reader.cc(281)] could not read dos header from C:\Windows\system32\urlmon.dll
[1122/092043.970:ERROR:process_reader_win.cc(242)] ReadMemory at 0x7feea810000 of 64 bytes failed: 仅完成部分的 ReadProcessMemory 或 WriteProcessMemory 请求。 (0x12B)
[1122/092043.970:WARNING:pe_image_reader.cc(281)] could not read dos header from C:\Windows\system32\DWrite.dll
[1122/092043.970:ERROR:process_reader_win.cc(242)] ReadMemory at 0x7fedd470000 of 64 bytes failed: 仅完成部分的 ReadProcessMemory 或 WriteProcessMemory 请求。 (0x12B)
[1122/092043.970:WARNING:pe_image_reader.cc(281)] could not read dos header from C:\Program Files (x86)\Google\Chrome\Application\62.0.3202.62\chrome_child.dll
[1122/092043.970:ERROR:process_reader_win.cc(242)] ReadMemory at 0x7fefc900000 of 64 bytes failed: 仅完成部分的 ReadProcessMemory 或 WriteProcessMemory 请求。 (0x12B)
[1122/092043.970:WARNING:pe_image_reader.cc(281)] could not read dos header from C:\Windows\system32\cryptbase.dll
[1122/092043.996:ERROR:process_reader_win.cc(242)] ReadMemory at 0x264000 of 49152 bytes failed: 仅完成部分的 ReadProcessMemory 或 WriteProcessMemory 请求。 (0x12B)
[1122/092043.996:ERROR:crash_report_exception_handler.cc(116)] WriteEverything failed
[1122/092043.997:ERROR:scoped_process_suspend.cc(39)] NtResumeProcess: 已尝试访问正在退出的过程。  (0xc000010a)
